This file contains any messages produced by compilers while
running configure, to aid debugging if configure makes a mistake.

It was created by CppUTest configure 3.8, which was
generated by GNU Autoconf 2.69.  Invocation command line was

  $ ../configure 

## --------- ##
## Platform. ##
## --------- ##

hostname = DESKTOP-HM3JFUK
uname -m = x86_64
uname -r = 2.9.0(0.318/5/3)
uname -s = CYGWIN_NT-10.0
uname -v = 2017-09-12 10:18

/usr/bin/uname -p = unknown
/bin/uname -X     = unknown

/bin/arch              = x86_64
/usr/bin/arch -k       = unknown
/usr/convex/getsysinfo = unknown
/usr/bin/hostinfo      = unknown
/bin/machine           = unknown
/usr/bin/oslevel       = unknown
/bin/universe          = unknown

PATH: /usr/local/bin
PATH: /usr/bin
PATH: /cygdrive/c/ProgramData/Oracle/Java/javapath
PATH: /cygdrive/c/HighTec/toolchains/tricore/v4.9.1.0-infineon-1.1/bin
PATH: /cygdrive/c/HighTec/licensemanager
PATH: /cygdrive/c/Program Files (x86)/Intel/iCLS Client
PATH: /cygdrive/c/Program Files/Intel/iCLS Client
PATH: /cygdrive/c/Windows/system32
PATH: /cygdrive/c/Windows
PATH: /cygdrive/c/Windows/System32/Wbem
PATH: /cygdrive/c/Windows/System32/WindowsPowerShell/v1.0
PATH: /cygdrive/c/Program Files (x86)/Intel/Intel(R) Management Engine Components/DAL
PATH: /cygdrive/c/Program Files/Intel/Intel(R) Management Engine Components/DAL
PATH: /cygdrive/c/Program Files (x86)/Intel/Intel(R) Management Engine Components/IPT
PATH: /cygdrive/c/Program Files/Intel/Intel(R) Management Engine Components/IPT
PATH: /cygdrive/c/Program Files (x86)/NVIDIA Corporation/PhysX/Common
PATH: /cygdrive/c/WINDOWS/system32
PATH: /cygdrive/c/WINDOWS
PATH: /cygdrive/c/WINDOWS/System32/Wbem
PATH: /cygdrive/c/WINDOWS/System32/WindowsPowerShell/v1.0
PATH: /usr/bin
PATH: /cygdrive/c/MinGW/bin
PATH: /cygdrive/c/Program Files (x86)/Windows Kits/8.1/Windows Performance Toolkit
PATH: /cygdrive/c/Program Files/PuTTY
PATH: /cygdrive/c/ProgramData/Oracle/Java/javapath
PATH: /cygdrive/c/HighTec/toolchains/tricore/v4.9.1.0-infineon-1.1/bin
PATH: /cygdrive/c/HighTec/licensemanager
PATH: /cygdrive/c/Program Files (x86)/Intel/iCLS Client
PATH: /cygdrive/c/Program Files/Intel/iCLS Client
PATH: /cygdrive/c/Windows/system32
PATH: /cygdrive/c/Windows
PATH: /cygdrive/c/Windows/System32/Wbem
PATH: /cygdrive/c/Windows/System32/WindowsPowerShell/v1.0
PATH: /cygdrive/c/Program Files (x86)/Intel/Intel(R) Management Engine Components/DAL
PATH: /cygdrive/c/Program Files/Intel/Intel(R) Management Engine Components/DAL
PATH: /cygdrive/c/Program Files (x86)/Intel/Intel(R) Management Engine Components/IPT
PATH: /cygdrive/c/Program Files/Intel/Intel(R) Management Engine Components/IPT
PATH: /cygdrive/c/Program Files (x86)/NVIDIA Corporation/PhysX/Common
PATH: /cygdrive/c/WINDOWS/system32
PATH: /cygdrive/c/WINDOWS
PATH: /cygdrive/c/WINDOWS/System32/Wbem
PATH: /cygdrive/c/WINDOWS/System32/WindowsPowerShell/v1.0
PATH: /cygdrive/c/mingw/bin
PATH: /cygdrive/c/Users/frank/AppData/Local/Microsoft/WindowsApps
PATH: /usr/bin
PATH: /usr/lib/lapack


## ----------- ##
## Core tests. ##
## ----------- ##

configure:2634: checking for a BSD-compatible install
configure:2702: result: /usr/bin/install -c
configure:2713: checking whether build environment is sane
configure:2768: result: yes
configure:2919: checking for a thread-safe mkdir -p
configure:2958: result: /usr/bin/mkdir -p
configure:2965: checking for gawk
configure:2981: found /usr/bin/gawk
configure:2992: result: gawk
configure:3003: checking whether make sets $(MAKE)
configure:3025: result: yes
configure:3054: checking whether make supports nested variables
configure:3071: result: yes
configure:3212: WARNING: Libtool does not cope well with whitespace in `pwd`
configure:3239: checking build system type
configure:3253: result: x86_64-unknown-cygwin
configure:3273: checking host system type
configure:3286: result: x86_64-unknown-cygwin
configure:3327: checking how to print strings
configure:3354: result: printf
configure:3387: checking for style of include used by make
configure:3415: result: GNU
configure:3486: checking for gcc
configure:3502: found /usr/bin/gcc
configure:3513: result: gcc
configure:3742: checking for C compiler version
configure:3751: gcc --version >&5
gcc (GCC) 6.4.0
Copyright (C) 2017 Free Software Foundation, Inc.
This is free software; see the source for copying conditions.  There is NO
warranty; not even for MERCHANTABILITY or FITNESS FOR A PARTICULAR PURPOSE.

configure:3762: $? = 0
configure:3751: gcc -v >&5
Using built-in specs.
COLLECT_GCC=gcc
COLLECT_LTO_WRAPPER=/usr/lib/gcc/x86_64-pc-cygwin/6.4.0/lto-wrapper.exe
Target: x86_64-pc-cygwin
Configured with: /cygdrive/i/szsz/tmpp/gcc/gcc-6.4.0-4.x86_64/src/gcc-6.4.0/configure --srcdir=/cygdrive/i/szsz/tmpp/gcc/gcc-6.4.0-4.x86_64/src/gcc-6.4.0 --prefix=/usr --exec-prefix=/usr --localstatedir=/var --sysconfdir=/etc --docdir=/usr/share/doc/gcc --htmldir=/usr/share/doc/gcc/html -C --build=x86_64-pc-cygwin --host=x86_64-pc-cygwin --target=x86_64-pc-cygwin --without-libiconv-prefix --without-libintl-prefix --libexecdir=/usr/lib --enable-shared --enable-shared-libgcc --enable-static --enable-version-specific-runtime-libs --enable-bootstrap --enable-__cxa_atexit --with-dwarf2 --with-tune=generic --enable-languages=ada,c,c++,fortran,lto,objc,obj-c++ --enable-graphite --enable-threads=posix --enable-libatomic --enable-libcilkrts --enable-libgomp --enable-libitm --enable-libquadmath --enable-libquadmath-support --enable-libssp --enable-libada --disable-symvers --with-gnu-ld --with-gnu-as --with-cloog-include=/usr/include/cloog-isl --without-libiconv-prefix --without-libintl-prefix --with-system-zlib --enable-linker-build-id --with-default-libstdcxx-abi=gcc4-compatible
Thread model: posix
gcc version 6.4.0 (GCC) 
configure:3762: $? = 0
configure:3751: gcc -V >&5
gcc: error: unrecognized command line option '-V'
gcc: fatal error: no input files
compilation terminated.
configure:3762: $? = 1
configure:3751: gcc -qversion >&5
gcc: error: unrecognized command line option '-qversion'; did you mean '--version'?
gcc: fatal error: no input files
compilation terminated.
configure:3762: $? = 1
configure:3782: checking whether the C compiler works
configure:3804: gcc    conftest.c  >&5
configure:3808: $? = 0
configure:3856: result: yes
configure:3859: checking for C compiler default output file name
configure:3861: result: a.exe
configure:3867: checking for suffix of executables
configure:3874: gcc -o conftest.exe    conftest.c  >&5
configure:3878: $? = 0
configure:3900: result: .exe
configure:3922: checking whether we are cross compiling
configure:3930: gcc -o conftest.exe    conftest.c  >&5
configure:3934: $? = 0
configure:3941: ./conftest.exe
configure:3945: $? = 0
configure:3960: result: no
configure:3965: checking for suffix of object files
configure:3987: gcc -c   conftest.c >&5
configure:3991: $? = 0
configure:4012: result: o
configure:4016: checking whether we are using the GNU C compiler
configure:4035: gcc -c   conftest.c >&5
configure:4035: $? = 0
configure:4044: result: yes
configure:4053: checking whether gcc accepts -g
configure:4073: gcc -c -g  conftest.c >&5
configure:4073: $? = 0
configure:4114: result: yes
configure:4131: checking for gcc option to accept ISO C89
configure:4194: gcc  -c -g -O2  conftest.c >&5
configure:4194: $? = 0
configure:4207: result: none needed
configure:4232: checking whether gcc understands -c and -o together
configure:4254: gcc -c conftest.c -o conftest2.o
configure:4257: $? = 0
configure:4254: gcc -c conftest.c -o conftest2.o
configure:4257: $? = 0
configure:4269: result: yes
configure:4288: checking dependency style of gcc
configure:4399: result: gcc3
configure:4414: checking for a sed that does not truncate output
configure:4478: result: /usr/bin/sed
configure:4496: checking for grep that handles long lines and -e
configure:4554: result: /usr/bin/grep
configure:4559: checking for egrep
configure:4621: result: /usr/bin/grep -E
configure:4626: checking for fgrep
configure:4688: result: /usr/bin/grep -F
configure:4723: checking for ld used by gcc
configure:4790: result: /usr/x86_64-pc-cygwin/bin/ld.exe
configure:4797: checking if the linker (/usr/x86_64-pc-cygwin/bin/ld.exe) is GNU ld
configure:4812: result: yes
configure:4824: checking for BSD- or MS-compatible name lister (nm)
configure:4878: result: /usr/bin/nm -B
configure:5008: checking the name lister (/usr/bin/nm -B) interface
configure:5015: gcc -c -g -O2  conftest.c >&5
configure:5018: /usr/bin/nm -B "conftest.o"
configure:5021: output
0000000000000000 b .bss
0000000000000000 d .data
0000000000000000 N .debug_abbrev
0000000000000000 N .debug_aranges
0000000000000000 N .debug_info
0000000000000000 N .debug_line
0000000000000000 r .rdata$zzz
0000000000000000 t .text
0000000000000000 B some_variable
configure:5028: result: BSD nm
configure:5031: checking whether ln -s works
configure:5035: result: yes
configure:5043: checking the maximum length of command line arguments
configure:5174: result: 8192
configure:5222: checking how to convert x86_64-unknown-cygwin file names to x86_64-unknown-cygwin format
configure:5262: result: func_convert_file_noop
configure:5269: checking how to convert x86_64-unknown-cygwin file names to toolchain format
configure:5289: result: func_convert_file_noop
configure:5296: checking for /usr/x86_64-pc-cygwin/bin/ld.exe option to reload object files
configure:5303: result: -r
configure:5377: checking for objdump
configure:5393: found /usr/bin/objdump
configure:5404: result: objdump
configure:5436: checking how to recognize dependent libraries
configure:5636: result: file_magic ^x86 archive import|^x86 DLL
configure:5721: checking for dlltool
configure:5737: found /usr/bin/dlltool
configure:5748: result: dlltool
configure:5781: checking how to associate runtime and link libraries
configure:5808: result: func_cygming_dll_for_implib
configure:5869: checking for ar
configure:5885: found /usr/bin/ar
configure:5896: result: ar
configure:5933: checking for archiver @FILE support
configure:5950: gcc -c -g -O2  conftest.c >&5
configure:5950: $? = 0
configure:5953: ar cru libconftest.a @conftest.lst >&5
configure:5956: $? = 0
configure:5961: ar cru libconftest.a @conftest.lst >&5
ar: conftest.o: No such file or directory
configure:5964: $? = 1
configure:5976: result: @
configure:6034: checking for strip
configure:6050: found /usr/bin/strip
configure:6061: result: strip
configure:6133: checking for ranlib
configure:6149: found /usr/bin/ranlib
configure:6160: result: ranlib
configure:6262: checking command to parse /usr/bin/nm -B output from gcc object
configure:6415: gcc -c -g -O2  conftest.c >&5
configure:6418: $? = 0
configure:6422: /usr/bin/nm -B conftest.o \| sed -n -e 's/^.*[ ]\([ABCDGIRSTW][ABCDGIRSTW]*\)[ ][ ]*\([_A-Za-z][_A-Za-z0-9]*\)$/\1 \2 \2/p' | sed '/ __gnu_lto/d' \> conftest.nm
configure:6425: $? = 0
configure:6491: gcc -o conftest.exe -g -O2   conftest.c conftstm.o >&5
configure:6494: $? = 0
configure:6532: result: ok
configure:6579: checking for sysroot
configure:6609: result: no
configure:6616: checking for a working dd
configure:6654: result: /usr/bin/dd
configure:6658: checking how to truncate binary pipes
configure:6673: result: /usr/bin/dd bs=4096 count=1
configure:7002: checking for mt
configure:7032: result: no
configure:7052: checking if : is a manifest tool
configure:7058: : '-?'
configure:7066: result: no
configure:7743: checking how to run the C preprocessor
configure:7774: gcc -E  conftest.c
configure:7774: $? = 0
configure:7788: gcc -E  conftest.c
conftest.c:11:28: fatal error: ac_nonexistent.h: No such file or directory
 #include <ac_nonexistent.h>
                            ^
compilation terminated.
configure:7788: $? = 1
configure: failed program was:
| /* confdefs.h */
| #define PACKAGE_NAME "CppUTest"
| #define PACKAGE_TARNAME "cpputest"
| #define PACKAGE_VERSION "3.8"
| #define PACKAGE_STRING "CppUTest 3.8"
| #define PACKAGE_BUGREPORT "https://github.com/cpputest/cpputest"
| #define PACKAGE_URL ""
| #define PACKAGE "cpputest"
| #define VERSION "3.8"
| /* end confdefs.h.  */
| #include <ac_nonexistent.h>
configure:7813: result: gcc -E
configure:7833: gcc -E  conftest.c
configure:7833: $? = 0
configure:7847: gcc -E  conftest.c
conftest.c:11:28: fatal error: ac_nonexistent.h: No such file or directory
 #include <ac_nonexistent.h>
                            ^
compilation terminated.
configure:7847: $? = 1
configure: failed program was:
| /* confdefs.h */
| #define PACKAGE_NAME "CppUTest"
| #define PACKAGE_TARNAME "cpputest"
| #define PACKAGE_VERSION "3.8"
| #define PACKAGE_STRING "CppUTest 3.8"
| #define PACKAGE_BUGREPORT "https://github.com/cpputest/cpputest"
| #define PACKAGE_URL ""
| #define PACKAGE "cpputest"
| #define VERSION "3.8"
| /* end confdefs.h.  */
| #include <ac_nonexistent.h>
configure:7876: checking for ANSI C header files
configure:7896: gcc -c -g -O2  conftest.c >&5
configure:7896: $? = 0
configure:7969: gcc -o conftest.exe -g -O2   conftest.c  >&5
configure:7969: $? = 0
configure:7969: ./conftest.exe
configure:7969: $? = 0
configure:7980: result: yes
configure:7993: checking for sys/types.h
configure:7993: gcc -c -g -O2  conftest.c >&5
configure:7993: $? = 0
configure:7993: result: yes
configure:7993: checking for sys/stat.h
configure:7993: gcc -c -g -O2  conftest.c >&5
configure:7993: $? = 0
configure:7993: result: yes
configure:7993: checking for stdlib.h
configure:7993: gcc -c -g -O2  conftest.c >&5
configure:7993: $? = 0
configure:7993: result: yes
configure:7993: checking for string.h
configure:7993: gcc -c -g -O2  conftest.c >&5
configure:7993: $? = 0
configure:7993: result: yes
configure:7993: checking for memory.h
configure:7993: gcc -c -g -O2  conftest.c >&5
configure:7993: $? = 0
configure:7993: result: yes
configure:7993: checking for strings.h
configure:7993: gcc -c -g -O2  conftest.c >&5
configure:7993: $? = 0
configure:7993: result: yes
configure:7993: checking for inttypes.h
configure:7993: gcc -c -g -O2  conftest.c >&5
configure:7993: $? = 0
configure:7993: result: yes
configure:7993: checking for stdint.h
configure:7993: gcc -c -g -O2  conftest.c >&5
configure:7993: $? = 0
configure:7993: result: yes
configure:7993: checking for unistd.h
configure:7993: gcc -c -g -O2  conftest.c >&5
configure:7993: $? = 0
configure:7993: result: yes
configure:8007: checking for dlfcn.h
configure:8007: gcc -c -g -O2  conftest.c >&5
configure:8007: $? = 0
configure:8007: result: yes
configure:8261: checking for objdir
configure:8276: result: .libs
configure:8536: checking if gcc supports -fno-rtti -fno-exceptions
configure:8554: gcc -c -g -O2  -fno-rtti -fno-exceptions conftest.c >&5
cc1: warning: command line option '-fno-rtti' is valid for C++/ObjC++ but not for C
configure:8558: $? = 0
configure:8571: result: no
configure:8929: checking for gcc option to produce PIC
configure:8936: result: -DDLL_EXPORT -DPIC
configure:8944: checking if gcc PIC flag -DDLL_EXPORT -DPIC works
configure:8962: gcc -c -g -O2  -DDLL_EXPORT -DPIC -DPIC conftest.c >&5
configure:8966: $? = 0
configure:8979: result: yes
configure:9008: checking if gcc static flag -static works
configure:9036: result: yes
configure:9051: checking if gcc supports -c -o file.o
configure:9072: gcc -c -g -O2  -o out/conftest2.o conftest.c >&5
configure:9076: $? = 0
configure:9098: result: yes
configure:9106: checking if gcc supports -c -o file.o
configure:9153: result: yes
configure:9186: checking whether the gcc linker (/usr/x86_64-pc-cygwin/bin/ld.exe) supports shared libraries
configure:10445: result: yes
configure:10482: checking whether -lc should be explicitly linked in
configure:10490: gcc -c -g -O2  conftest.c >&5
configure:10493: $? = 0
configure:10508: gcc -shared conftest.o  -v -o ./conftest -Wl,--enable-auto-image-base -Xlinker --out-implib -Xlinker conftest 2\>\&1 \| /usr/bin/grep  -lc  \>/dev/null 2\>\&1
configure:10511: $? = 1
configure:10525: result: yes
configure:10685: checking dynamic linker characteristics
configure:11503: result: Win32 ld.exe
configure:11625: checking how to hardcode library paths into programs
configure:11650: result: immediate
configure:11952: checking whether a program can dlopen itself
configure:12032: gcc -o conftest.exe -g -O2  -DHAVE_DLFCN_H  -Wl,--export-all-symbols conftest.c   >&5
configure:12035: $? = 0
configure:12053: result: yes
configure:12058: checking whether a statically linked program can dlopen itself
configure:12138: gcc -o conftest.exe -g -O2  -DHAVE_DLFCN_H  -Wl,--export-all-symbols -static conftest.c   >&5
configure:12141: $? = 0
configure:12159: result: yes
configure:12198: checking whether stripping libraries is possible
configure:12203: result: yes
configure:12238: checking if libtool supports shared libraries
configure:12240: result: yes
configure:12243: checking whether to build shared libraries
configure:12268: result: yes
configure:12271: checking whether to build static libraries
configure:12275: result: yes
configure:12375: checking for gcc
configure:12402: result: gcc
configure:12631: checking for C compiler version
configure:12640: gcc --version >&5
gcc (GCC) 6.4.0
Copyright (C) 2017 Free Software Foundation, Inc.
This is free software; see the source for copying conditions.  There is NO
warranty; not even for MERCHANTABILITY or FITNESS FOR A PARTICULAR PURPOSE.

configure:12651: $? = 0
configure:12640: gcc -v >&5
Using built-in specs.
COLLECT_GCC=gcc
COLLECT_LTO_WRAPPER=/usr/lib/gcc/x86_64-pc-cygwin/6.4.0/lto-wrapper.exe
Target: x86_64-pc-cygwin
Configured with: /cygdrive/i/szsz/tmpp/gcc/gcc-6.4.0-4.x86_64/src/gcc-6.4.0/configure --srcdir=/cygdrive/i/szsz/tmpp/gcc/gcc-6.4.0-4.x86_64/src/gcc-6.4.0 --prefix=/usr --exec-prefix=/usr --localstatedir=/var --sysconfdir=/etc --docdir=/usr/share/doc/gcc --htmldir=/usr/share/doc/gcc/html -C --build=x86_64-pc-cygwin --host=x86_64-pc-cygwin --target=x86_64-pc-cygwin --without-libiconv-prefix --without-libintl-prefix --libexecdir=/usr/lib --enable-shared --enable-shared-libgcc --enable-static --enable-version-specific-runtime-libs --enable-bootstrap --enable-__cxa_atexit --with-dwarf2 --with-tune=generic --enable-languages=ada,c,c++,fortran,lto,objc,obj-c++ --enable-graphite --enable-threads=posix --enable-libatomic --enable-libcilkrts --enable-libgomp --enable-libitm --enable-libquadmath --enable-libquadmath-support --enable-libssp --enable-libada --disable-symvers --with-gnu-ld --with-gnu-as --with-cloog-include=/usr/include/cloog-isl --without-libiconv-prefix --without-libintl-prefix --with-system-zlib --enable-linker-build-id --with-default-libstdcxx-abi=gcc4-compatible
Thread model: posix
gcc version 6.4.0 (GCC) 
configure:12651: $? = 0
configure:12640: gcc -V >&5
gcc: error: unrecognized command line option '-V'
gcc: fatal error: no input files
compilation terminated.
configure:12651: $? = 1
configure:12640: gcc -qversion >&5
gcc: error: unrecognized command line option '-qversion'; did you mean '--version'?
gcc: fatal error: no input files
compilation terminated.
configure:12651: $? = 1
configure:12655: checking whether we are using the GNU C compiler
configure:12683: result: yes
configure:12692: checking whether gcc accepts -g
configure:12753: result: yes
configure:12770: checking for gcc option to accept ISO C89
configure:12846: result: none needed
configure:12871: checking whether gcc understands -c and -o together
configure:12908: result: yes
configure:12927: checking dependency style of gcc
configure:13038: result: gcc3
configure:13058: checking how to run the C preprocessor
configure:13128: result: gcc -E
configure:13148: gcc -E  conftest.c
configure:13148: $? = 0
configure:13162: gcc -E  conftest.c
conftest.c:23:28: fatal error: ac_nonexistent.h: No such file or directory
 #include <ac_nonexistent.h>
                            ^
compilation terminated.
configure:13162: $? = 1
configure: failed program was:
| /* confdefs.h */
| #define PACKAGE_NAME "CppUTest"
| #define PACKAGE_TARNAME "cpputest"
| #define PACKAGE_VERSION "3.8"
| #define PACKAGE_STRING "CppUTest 3.8"
| #define PACKAGE_BUGREPORT "https://github.com/cpputest/cpputest"
| #define PACKAGE_URL ""
| #define PACKAGE "cpputest"
| #define VERSION "3.8"
| #define STDC_HEADERS 1
| #define HAVE_SYS_TYPES_H 1
| #define HAVE_SYS_STAT_H 1
| #define HAVE_STDLIB_H 1
| #define HAVE_STRING_H 1
| #define HAVE_MEMORY_H 1
| #define HAVE_STRINGS_H 1
| #define HAVE_INTTYPES_H 1
| #define HAVE_STDINT_H 1
| #define HAVE_UNISTD_H 1
| #define HAVE_DLFCN_H 1
| #define LT_OBJDIR ".libs/"
| /* end confdefs.h.  */
| #include <ac_nonexistent.h>
configure:13248: checking for g++
configure:13264: found /usr/bin/g++
configure:13275: result: g++
configure:13302: checking for C++ compiler version
configure:13311: g++ --version >&5
g++ (GCC) 6.4.0
Copyright (C) 2017 Free Software Foundation, Inc.
This is free software; see the source for copying conditions.  There is NO
warranty; not even for MERCHANTABILITY or FITNESS FOR A PARTICULAR PURPOSE.

configure:13322: $? = 0
configure:13311: g++ -v >&5
Using built-in specs.
COLLECT_GCC=g++
COLLECT_LTO_WRAPPER=/usr/lib/gcc/x86_64-pc-cygwin/6.4.0/lto-wrapper.exe
Target: x86_64-pc-cygwin
Configured with: /cygdrive/i/szsz/tmpp/gcc/gcc-6.4.0-4.x86_64/src/gcc-6.4.0/configure --srcdir=/cygdrive/i/szsz/tmpp/gcc/gcc-6.4.0-4.x86_64/src/gcc-6.4.0 --prefix=/usr --exec-prefix=/usr --localstatedir=/var --sysconfdir=/etc --docdir=/usr/share/doc/gcc --htmldir=/usr/share/doc/gcc/html -C --build=x86_64-pc-cygwin --host=x86_64-pc-cygwin --target=x86_64-pc-cygwin --without-libiconv-prefix --without-libintl-prefix --libexecdir=/usr/lib --enable-shared --enable-shared-libgcc --enable-static --enable-version-specific-runtime-libs --enable-bootstrap --enable-__cxa_atexit --with-dwarf2 --with-tune=generic --enable-languages=ada,c,c++,fortran,lto,objc,obj-c++ --enable-graphite --enable-threads=posix --enable-libatomic --enable-libcilkrts --enable-libgomp --enable-libitm --enable-libquadmath --enable-libquadmath-support --enable-libssp --enable-libada --disable-symvers --with-gnu-ld --with-gnu-as --with-cloog-include=/usr/include/cloog-isl --without-libiconv-prefix --without-libintl-prefix --with-system-zlib --enable-linker-build-id --with-default-libstdcxx-abi=gcc4-compatible
Thread model: posix
gcc version 6.4.0 (GCC) 
configure:13322: $? = 0
configure:13311: g++ -V >&5
g++: error: unrecognized command line option '-V'
g++: fatal error: no input files
compilation terminated.
configure:13322: $? = 1
configure:13311: g++ -qversion >&5
g++: error: unrecognized command line option '-qversion'; did you mean '--version'?
g++: fatal error: no input files
compilation terminated.
configure:13322: $? = 1
configure:13326: checking whether we are using the GNU C++ compiler
configure:13345: g++ -c   conftest.cpp >&5
configure:13345: $? = 0
configure:13354: result: yes
configure:13363: checking whether g++ accepts -g
configure:13383: g++ -c -g  conftest.cpp >&5
configure:13383: $? = 0
configure:13424: result: yes
configure:13449: checking dependency style of g++
configure:13560: result: gcc3
configure:13593: checking how to run the C++ preprocessor
configure:13620: g++ -E  conftest.cpp
configure:13620: $? = 0
configure:13634: g++ -E  conftest.cpp
conftest.cpp:23:28: fatal error: ac_nonexistent.h: No such file or directory
 #include <ac_nonexistent.h>
                            ^
compilation terminated.
configure:13634: $? = 1
configure: failed program was:
| /* confdefs.h */
| #define PACKAGE_NAME "CppUTest"
| #define PACKAGE_TARNAME "cpputest"
| #define PACKAGE_VERSION "3.8"
| #define PACKAGE_STRING "CppUTest 3.8"
| #define PACKAGE_BUGREPORT "https://github.com/cpputest/cpputest"
| #define PACKAGE_URL ""
| #define PACKAGE "cpputest"
| #define VERSION "3.8"
| #define STDC_HEADERS 1
| #define HAVE_SYS_TYPES_H 1
| #define HAVE_SYS_STAT_H 1
| #define HAVE_STDLIB_H 1
| #define HAVE_STRING_H 1
| #define HAVE_MEMORY_H 1
| #define HAVE_STRINGS_H 1
| #define HAVE_INTTYPES_H 1
| #define HAVE_STDINT_H 1
| #define HAVE_UNISTD_H 1
| #define HAVE_DLFCN_H 1
| #define LT_OBJDIR ".libs/"
| /* end confdefs.h.  */
| #include <ac_nonexistent.h>
configure:13659: result: g++ -E
configure:13679: g++ -E  conftest.cpp
configure:13679: $? = 0
configure:13693: g++ -E  conftest.cpp
conftest.cpp:23:28: fatal error: ac_nonexistent.h: No such file or directory
 #include <ac_nonexistent.h>
                            ^
compilation terminated.
configure:13693: $? = 1
configure: failed program was:
| /* confdefs.h */
| #define PACKAGE_NAME "CppUTest"
| #define PACKAGE_TARNAME "cpputest"
| #define PACKAGE_VERSION "3.8"
| #define PACKAGE_STRING "CppUTest 3.8"
| #define PACKAGE_BUGREPORT "https://github.com/cpputest/cpputest"
| #define PACKAGE_URL ""
| #define PACKAGE "cpputest"
| #define VERSION "3.8"
| #define STDC_HEADERS 1
| #define HAVE_SYS_TYPES_H 1
| #define HAVE_SYS_STAT_H 1
| #define HAVE_STDLIB_H 1
| #define HAVE_STRING_H 1
| #define HAVE_MEMORY_H 1
| #define HAVE_STRINGS_H 1
| #define HAVE_INTTYPES_H 1
| #define HAVE_STDINT_H 1
| #define HAVE_UNISTD_H 1
| #define HAVE_DLFCN_H 1
| #define LT_OBJDIR ".libs/"
| /* end confdefs.h.  */
| #include <ac_nonexistent.h>
configure:13855: checking for ld used by g++
configure:13922: result: /usr/x86_64-pc-cygwin/bin/ld.exe
configure:13929: checking if the linker (/usr/x86_64-pc-cygwin/bin/ld.exe) is GNU ld
configure:13944: result: yes
configure:13999: checking whether the g++ linker (/usr/x86_64-pc-cygwin/bin/ld.exe) supports shared libraries
configure:15072: result: yes
configure:15108: g++ -c -g -O2  conftest.cpp >&5
configure:15111: $? = 0
configure:15592: checking for g++ option to produce PIC
configure:15599: result: -DDLL_EXPORT -DPIC
configure:15607: checking if g++ PIC flag -DDLL_EXPORT -DPIC works
configure:15625: g++ -c -g -O2  -DDLL_EXPORT -DPIC -DPIC conftest.cpp >&5
configure:15629: $? = 0
configure:15642: result: yes
configure:15665: checking if g++ static flag -static works
configure:15693: result: yes
configure:15705: checking if g++ supports -c -o file.o
configure:15726: g++ -c -g -O2  -o out/conftest2.o conftest.cpp >&5
configure:15730: $? = 0
configure:15752: result: yes
configure:15757: checking if g++ supports -c -o file.o
configure:15804: result: yes
configure:15834: checking whether the g++ linker (/usr/x86_64-pc-cygwin/bin/ld.exe) supports shared libraries
configure:15874: result: yes
configure:16015: checking dynamic linker characteristics
configure:16760: result: Win32 ld.exe
configure:16825: checking how to hardcode library paths into programs
configure:16850: result: immediate
configure:16890: checking whether ln -s works
configure:16894: result: yes
configure:16901: checking whether make sets $(MAKE)
configure:16923: result: yes
configure:16944: checking whether make supports nested variables
configure:16961: result: yes
configure:17138: checking for the pthreads library -lpthreads
configure:17171: gcc -o conftest.exe -g -O2    conftest.c -lpthreads  >&5
/usr/lib/gcc/x86_64-pc-cygwin/6.4.0/../../../../x86_64-pc-cygwin/bin/ld: cannot find -lpthreads
collect2: error: ld returned 1 exit status
configure:17171: $? = 1
configure: failed program was:
| /* confdefs.h */
| #define PACKAGE_NAME "CppUTest"
| #define PACKAGE_TARNAME "cpputest"
| #define PACKAGE_VERSION "3.8"
| #define PACKAGE_STRING "CppUTest 3.8"
| #define PACKAGE_BUGREPORT "https://github.com/cpputest/cpputest"
| #define PACKAGE_URL ""
| #define PACKAGE "cpputest"
| #define VERSION "3.8"
| #define STDC_HEADERS 1
| #define HAVE_SYS_TYPES_H 1
| #define HAVE_SYS_STAT_H 1
| #define HAVE_STDLIB_H 1
| #define HAVE_STRING_H 1
| #define HAVE_MEMORY_H 1
| #define HAVE_STRINGS_H 1
| #define HAVE_INTTYPES_H 1
| #define HAVE_STDINT_H 1
| #define HAVE_UNISTD_H 1
| #define HAVE_DLFCN_H 1
| #define LT_OBJDIR ".libs/"
| /* end confdefs.h.  */
| #include <pthread.h>
| int
| main ()
| {
| pthread_t th; pthread_join(th, 0);
|                      pthread_attr_init(0); pthread_cleanup_push(0, 0);
|                      pthread_create(0,0,0,0); pthread_cleanup_pop(0);
|   ;
|   return 0;
| }
configure:17180: result: no
configure:17083: checking whether pthreads work without any flags
configure:17171: gcc -o conftest.exe -g -O2    conftest.c   >&5
configure:17171: $? = 0
configure:17180: result: yes
configure:17199: checking for joinable pthread attribute
configure:17214: gcc -o conftest.exe -g -O2    conftest.c   >&5
configure:17214: $? = 0
configure:17220: result: PTHREAD_CREATE_JOINABLE
configure:17230: checking if more special flags are required for pthreads
configure:17237: result: no
configure:17324: checking if we can link -lpthread to work around a gcc bug (on MacOSX)
configure:17337: gcc -o conftest.exe -g -O2   conftest.c -lpthread >&5
configure:17337: $? = 0
configure:17338: result: yes
configure:17351: checking stddef.h usability
configure:17351: gcc -c -g -O2  conftest.c >&5
configure:17351: $? = 0
configure:17351: result: yes
configure:17351: checking stddef.h presence
configure:17351: gcc -E  conftest.c
configure:17351: $? = 0
configure:17351: result: yes
configure:17351: checking for stddef.h
configure:17351: result: yes
configure:17351: checking for stdint.h
configure:17351: result: yes
configure:17351: checking for stdlib.h
configure:17351: result: yes
configure:17351: checking for string.h
configure:17351: result: yes
configure:17351: checking sys/time.h usability
configure:17351: gcc -c -g -O2  conftest.c >&5
configure:17351: $? = 0
configure:17351: result: yes
configure:17351: checking sys/time.h presence
configure:17351: gcc -E  conftest.c
configure:17351: $? = 0
configure:17351: result: yes
configure:17351: checking for sys/time.h
configure:17351: result: yes
configure:17351: checking for unistd.h
configure:17351: result: yes
configure:17362: checking for inline
configure:17378: gcc -c -g -O2  conftest.c >&5
configure:17378: $? = 0
configure:17386: result: inline
configure:17404: checking for int16_t
configure:17404: gcc -c -g -O2  conftest.c >&5
configure:17404: $? = 0
configure:17404: gcc -c -g -O2  conftest.c >&5
conftest.c: In function 'main':
conftest.c:66:12: error: size of array 'test_array' is negative
 static int test_array [1 - 2 * !((int16_t) (((((int16_t) 1 << N) << N) - 1) * 2 + 1)
            ^~~~~~~~~~
configure:17404: $? = 1
configure: failed program was:
| /* confdefs.h */
| #define PACKAGE_NAME "CppUTest"
| #define PACKAGE_TARNAME "cpputest"
| #define PACKAGE_VERSION "3.8"
| #define PACKAGE_STRING "CppUTest 3.8"
| #define PACKAGE_BUGREPORT "https://github.com/cpputest/cpputest"
| #define PACKAGE_URL ""
| #define PACKAGE "cpputest"
| #define VERSION "3.8"
| #define STDC_HEADERS 1
| #define HAVE_SYS_TYPES_H 1
| #define HAVE_SYS_STAT_H 1
| #define HAVE_STDLIB_H 1
| #define HAVE_STRING_H 1
| #define HAVE_MEMORY_H 1
| #define HAVE_STRINGS_H 1
| #define HAVE_INTTYPES_H 1
| #define HAVE_STDINT_H 1
| #define HAVE_UNISTD_H 1
| #define HAVE_DLFCN_H 1
| #define LT_OBJDIR ".libs/"
| #define HAVE_STDDEF_H 1
| #define HAVE_STDINT_H 1
| #define HAVE_STDLIB_H 1
| #define HAVE_STRING_H 1
| #define HAVE_SYS_TIME_H 1
| #define HAVE_UNISTD_H 1
| /* end confdefs.h.  */
| #include <stdio.h>
| #ifdef HAVE_SYS_TYPES_H
| # include <sys/types.h>
| #endif
| #ifdef HAVE_SYS_STAT_H
| # include <sys/stat.h>
| #endif
| #ifdef STDC_HEADERS
| # include <stdlib.h>
| # include <stddef.h>
| #else
| # ifdef HAVE_STDLIB_H
| #  include <stdlib.h>
| # endif
| #endif
| #ifdef HAVE_STRING_H
| # if !defined STDC_HEADERS && defined HAVE_MEMORY_H
| #  include <memory.h>
| # endif
| # include <string.h>
| #endif
| #ifdef HAVE_STRINGS_H
| # include <strings.h>
| #endif
| #ifdef HAVE_INTTYPES_H
| # include <inttypes.h>
| #endif
| #ifdef HAVE_STDINT_H
| # include <stdint.h>
| #endif
| #ifdef HAVE_UNISTD_H
| # include <unistd.h>
| #endif
| 	        enum { N = 16 / 2 - 1 };
| int
| main ()
| {
| static int test_array [1 - 2 * !((int16_t) (((((int16_t) 1 << N) << N) - 1) * 2 + 1)
| 		 < (int16_t) (((((int16_t) 1 << N) << N) - 1) * 2 + 2))];
| test_array [0] = 0;
| return test_array [0];
| 
|   ;
|   return 0;
| }
configure:17404: result: yes
configure:17415: checking for int32_t
configure:17415: gcc -c -g -O2  conftest.c >&5
configure:17415: $? = 0
configure:17415: gcc -c -g -O2  conftest.c >&5
conftest.c: In function 'main':
conftest.c:67:53: warning: integer overflow in expression [-Woverflow]
    < (int32_t) (((((int32_t) 1 << N) << N) - 1) * 2 + 2))];
                                                     ^
conftest.c:66:12: error: storage size of 'test_array' isn't constant
 static int test_array [1 - 2 * !((int32_t) (((((int32_t) 1 << N) << N) - 1) * 2 + 1)
            ^~~~~~~~~~
configure:17415: $? = 1
configure: failed program was:
| /* confdefs.h */
| #define PACKAGE_NAME "CppUTest"
| #define PACKAGE_TARNAME "cpputest"
| #define PACKAGE_VERSION "3.8"
| #define PACKAGE_STRING "CppUTest 3.8"
| #define PACKAGE_BUGREPORT "https://github.com/cpputest/cpputest"
| #define PACKAGE_URL ""
| #define PACKAGE "cpputest"
| #define VERSION "3.8"
| #define STDC_HEADERS 1
| #define HAVE_SYS_TYPES_H 1
| #define HAVE_SYS_STAT_H 1
| #define HAVE_STDLIB_H 1
| #define HAVE_STRING_H 1
| #define HAVE_MEMORY_H 1
| #define HAVE_STRINGS_H 1
| #define HAVE_INTTYPES_H 1
| #define HAVE_STDINT_H 1
| #define HAVE_UNISTD_H 1
| #define HAVE_DLFCN_H 1
| #define LT_OBJDIR ".libs/"
| #define HAVE_STDDEF_H 1
| #define HAVE_STDINT_H 1
| #define HAVE_STDLIB_H 1
| #define HAVE_STRING_H 1
| #define HAVE_SYS_TIME_H 1
| #define HAVE_UNISTD_H 1
| /* end confdefs.h.  */
| #include <stdio.h>
| #ifdef HAVE_SYS_TYPES_H
| # include <sys/types.h>
| #endif
| #ifdef HAVE_SYS_STAT_H
| # include <sys/stat.h>
| #endif
| #ifdef STDC_HEADERS
| # include <stdlib.h>
| # include <stddef.h>
| #else
| # ifdef HAVE_STDLIB_H
| #  include <stdlib.h>
| # endif
| #endif
| #ifdef HAVE_STRING_H
| # if !defined STDC_HEADERS && defined HAVE_MEMORY_H
| #  include <memory.h>
| # endif
| # include <string.h>
| #endif
| #ifdef HAVE_STRINGS_H
| # include <strings.h>
| #endif
| #ifdef HAVE_INTTYPES_H
| # include <inttypes.h>
| #endif
| #ifdef HAVE_STDINT_H
| # include <stdint.h>
| #endif
| #ifdef HAVE_UNISTD_H
| # include <unistd.h>
| #endif
| 	        enum { N = 32 / 2 - 1 };
| int
| main ()
| {
| static int test_array [1 - 2 * !((int32_t) (((((int32_t) 1 << N) << N) - 1) * 2 + 1)
| 		 < (int32_t) (((((int32_t) 1 << N) << N) - 1) * 2 + 2))];
| test_array [0] = 0;
| return test_array [0];
| 
|   ;
|   return 0;
| }
configure:17415: result: yes
configure:17426: checking for int64_t
configure:17426: gcc -c -g -O2  conftest.c >&5
configure:17426: $? = 0
configure:17426: gcc -c -g -O2  conftest.c >&5
conftest.c: In function 'main':
conftest.c:67:53: warning: integer overflow in expression [-Woverflow]
    < (int64_t) (((((int64_t) 1 << N) << N) - 1) * 2 + 2))];
                                                     ^
conftest.c:66:12: error: storage size of 'test_array' isn't constant
 static int test_array [1 - 2 * !((int64_t) (((((int64_t) 1 << N) << N) - 1) * 2 + 1)
            ^~~~~~~~~~
configure:17426: $? = 1
configure: failed program was:
| /* confdefs.h */
| #define PACKAGE_NAME "CppUTest"
| #define PACKAGE_TARNAME "cpputest"
| #define PACKAGE_VERSION "3.8"
| #define PACKAGE_STRING "CppUTest 3.8"
| #define PACKAGE_BUGREPORT "https://github.com/cpputest/cpputest"
| #define PACKAGE_URL ""
| #define PACKAGE "cpputest"
| #define VERSION "3.8"
| #define STDC_HEADERS 1
| #define HAVE_SYS_TYPES_H 1
| #define HAVE_SYS_STAT_H 1
| #define HAVE_STDLIB_H 1
| #define HAVE_STRING_H 1
| #define HAVE_MEMORY_H 1
| #define HAVE_STRINGS_H 1
| #define HAVE_INTTYPES_H 1
| #define HAVE_STDINT_H 1
| #define HAVE_UNISTD_H 1
| #define HAVE_DLFCN_H 1
| #define LT_OBJDIR ".libs/"
| #define HAVE_STDDEF_H 1
| #define HAVE_STDINT_H 1
| #define HAVE_STDLIB_H 1
| #define HAVE_STRING_H 1
| #define HAVE_SYS_TIME_H 1
| #define HAVE_UNISTD_H 1
| /* end confdefs.h.  */
| #include <stdio.h>
| #ifdef HAVE_SYS_TYPES_H
| # include <sys/types.h>
| #endif
| #ifdef HAVE_SYS_STAT_H
| # include <sys/stat.h>
| #endif
| #ifdef STDC_HEADERS
| # include <stdlib.h>
| # include <stddef.h>
| #else
| # ifdef HAVE_STDLIB_H
| #  include <stdlib.h>
| # endif
| #endif
| #ifdef HAVE_STRING_H
| # if !defined STDC_HEADERS && defined HAVE_MEMORY_H
| #  include <memory.h>
| # endif
| # include <string.h>
| #endif
| #ifdef HAVE_STRINGS_H
| # include <strings.h>
| #endif
| #ifdef HAVE_INTTYPES_H
| # include <inttypes.h>
| #endif
| #ifdef HAVE_STDINT_H
| # include <stdint.h>
| #endif
| #ifdef HAVE_UNISTD_H
| # include <unistd.h>
| #endif
| 	        enum { N = 64 / 2 - 1 };
| int
| main ()
| {
| static int test_array [1 - 2 * !((int64_t) (((((int64_t) 1 << N) << N) - 1) * 2 + 1)
| 		 < (int64_t) (((((int64_t) 1 << N) << N) - 1) * 2 + 2))];
| test_array [0] = 0;
| return test_array [0];
| 
|   ;
|   return 0;
| }
configure:17426: result: yes
configure:17437: checking for int8_t
configure:17437: gcc -c -g -O2  conftest.c >&5
configure:17437: $? = 0
configure:17437: gcc -c -g -O2  conftest.c >&5
conftest.c: In function 'main':
conftest.c:66:12: error: size of array 'test_array' is negative
 static int test_array [1 - 2 * !((int8_t) (((((int8_t) 1 << N) << N) - 1) * 2 + 1)
            ^~~~~~~~~~
configure:17437: $? = 1
configure: failed program was:
| /* confdefs.h */
| #define PACKAGE_NAME "CppUTest"
| #define PACKAGE_TARNAME "cpputest"
| #define PACKAGE_VERSION "3.8"
| #define PACKAGE_STRING "CppUTest 3.8"
| #define PACKAGE_BUGREPORT "https://github.com/cpputest/cpputest"
| #define PACKAGE_URL ""
| #define PACKAGE "cpputest"
| #define VERSION "3.8"
| #define STDC_HEADERS 1
| #define HAVE_SYS_TYPES_H 1
| #define HAVE_SYS_STAT_H 1
| #define HAVE_STDLIB_H 1
| #define HAVE_STRING_H 1
| #define HAVE_MEMORY_H 1
| #define HAVE_STRINGS_H 1
| #define HAVE_INTTYPES_H 1
| #define HAVE_STDINT_H 1
| #define HAVE_UNISTD_H 1
| #define HAVE_DLFCN_H 1
| #define LT_OBJDIR ".libs/"
| #define HAVE_STDDEF_H 1
| #define HAVE_STDINT_H 1
| #define HAVE_STDLIB_H 1
| #define HAVE_STRING_H 1
| #define HAVE_SYS_TIME_H 1
| #define HAVE_UNISTD_H 1
| /* end confdefs.h.  */
| #include <stdio.h>
| #ifdef HAVE_SYS_TYPES_H
| # include <sys/types.h>
| #endif
| #ifdef HAVE_SYS_STAT_H
| # include <sys/stat.h>
| #endif
| #ifdef STDC_HEADERS
| # include <stdlib.h>
| # include <stddef.h>
| #else
| # ifdef HAVE_STDLIB_H
| #  include <stdlib.h>
| # endif
| #endif
| #ifdef HAVE_STRING_H
| # if !defined STDC_HEADERS && defined HAVE_MEMORY_H
| #  include <memory.h>
| # endif
| # include <string.h>
| #endif
| #ifdef HAVE_STRINGS_H
| # include <strings.h>
| #endif
| #ifdef HAVE_INTTYPES_H
| # include <inttypes.h>
| #endif
| #ifdef HAVE_STDINT_H
| # include <stdint.h>
| #endif
| #ifdef HAVE_UNISTD_H
| # include <unistd.h>
| #endif
| 	        enum { N = 8 / 2 - 1 };
| int
| main ()
| {
| static int test_array [1 - 2 * !((int8_t) (((((int8_t) 1 << N) << N) - 1) * 2 + 1)
| 		 < (int8_t) (((((int8_t) 1 << N) << N) - 1) * 2 + 2))];
| test_array [0] = 0;
| return test_array [0];
| 
|   ;
|   return 0;
| }
configure:17437: result: yes
configure:17448: checking for pid_t
configure:17448: gcc -c -g -O2  conftest.c >&5
configure:17448: $? = 0
configure:17448: gcc -c -g -O2  conftest.c >&5
conftest.c: In function 'main':
conftest.c:65:20: error: expected expression before ')' token
 if (sizeof ((pid_t)))
                    ^
configure:17448: $? = 1
configure: failed program was:
| /* confdefs.h */
| #define PACKAGE_NAME "CppUTest"
| #define PACKAGE_TARNAME "cpputest"
| #define PACKAGE_VERSION "3.8"
| #define PACKAGE_STRING "CppUTest 3.8"
| #define PACKAGE_BUGREPORT "https://github.com/cpputest/cpputest"
| #define PACKAGE_URL ""
| #define PACKAGE "cpputest"
| #define VERSION "3.8"
| #define STDC_HEADERS 1
| #define HAVE_SYS_TYPES_H 1
| #define HAVE_SYS_STAT_H 1
| #define HAVE_STDLIB_H 1
| #define HAVE_STRING_H 1
| #define HAVE_MEMORY_H 1
| #define HAVE_STRINGS_H 1
| #define HAVE_INTTYPES_H 1
| #define HAVE_STDINT_H 1
| #define HAVE_UNISTD_H 1
| #define HAVE_DLFCN_H 1
| #define LT_OBJDIR ".libs/"
| #define HAVE_STDDEF_H 1
| #define HAVE_STDINT_H 1
| #define HAVE_STDLIB_H 1
| #define HAVE_STRING_H 1
| #define HAVE_SYS_TIME_H 1
| #define HAVE_UNISTD_H 1
| /* end confdefs.h.  */
| #include <stdio.h>
| #ifdef HAVE_SYS_TYPES_H
| # include <sys/types.h>
| #endif
| #ifdef HAVE_SYS_STAT_H
| # include <sys/stat.h>
| #endif
| #ifdef STDC_HEADERS
| # include <stdlib.h>
| # include <stddef.h>
| #else
| # ifdef HAVE_STDLIB_H
| #  include <stdlib.h>
| # endif
| #endif
| #ifdef HAVE_STRING_H
| # if !defined STDC_HEADERS && defined HAVE_MEMORY_H
| #  include <memory.h>
| # endif
| # include <string.h>
| #endif
| #ifdef HAVE_STRINGS_H
| # include <strings.h>
| #endif
| #ifdef HAVE_INTTYPES_H
| # include <inttypes.h>
| #endif
| #ifdef HAVE_STDINT_H
| # include <stdint.h>
| #endif
| #ifdef HAVE_UNISTD_H
| # include <unistd.h>
| #endif
| int
| main ()
| {
| if (sizeof ((pid_t)))
| 	    return 0;
|   ;
|   return 0;
| }
configure:17448: result: yes
configure:17459: checking for size_t
configure:17459: gcc -c -g -O2  conftest.c >&5
configure:17459: $? = 0
configure:17459: gcc -c -g -O2  conftest.c >&5
conftest.c: In function 'main':
conftest.c:65:21: error: expected expression before ')' token
 if (sizeof ((size_t)))
                     ^
configure:17459: $? = 1
configure: failed program was:
| /* confdefs.h */
| #define PACKAGE_NAME "CppUTest"
| #define PACKAGE_TARNAME "cpputest"
| #define PACKAGE_VERSION "3.8"
| #define PACKAGE_STRING "CppUTest 3.8"
| #define PACKAGE_BUGREPORT "https://github.com/cpputest/cpputest"
| #define PACKAGE_URL ""
| #define PACKAGE "cpputest"
| #define VERSION "3.8"
| #define STDC_HEADERS 1
| #define HAVE_SYS_TYPES_H 1
| #define HAVE_SYS_STAT_H 1
| #define HAVE_STDLIB_H 1
| #define HAVE_STRING_H 1
| #define HAVE_MEMORY_H 1
| #define HAVE_STRINGS_H 1
| #define HAVE_INTTYPES_H 1
| #define HAVE_STDINT_H 1
| #define HAVE_UNISTD_H 1
| #define HAVE_DLFCN_H 1
| #define LT_OBJDIR ".libs/"
| #define HAVE_STDDEF_H 1
| #define HAVE_STDINT_H 1
| #define HAVE_STDLIB_H 1
| #define HAVE_STRING_H 1
| #define HAVE_SYS_TIME_H 1
| #define HAVE_UNISTD_H 1
| /* end confdefs.h.  */
| #include <stdio.h>
| #ifdef HAVE_SYS_TYPES_H
| # include <sys/types.h>
| #endif
| #ifdef HAVE_SYS_STAT_H
| # include <sys/stat.h>
| #endif
| #ifdef STDC_HEADERS
| # include <stdlib.h>
| # include <stddef.h>
| #else
| # ifdef HAVE_STDLIB_H
| #  include <stdlib.h>
| # endif
| #endif
| #ifdef HAVE_STRING_H
| # if !defined STDC_HEADERS && defined HAVE_MEMORY_H
| #  include <memory.h>
| # endif
| # include <string.h>
| #endif
| #ifdef HAVE_STRINGS_H
| # include <strings.h>
| #endif
| #ifdef HAVE_INTTYPES_H
| # include <inttypes.h>
| #endif
| #ifdef HAVE_STDINT_H
| # include <stdint.h>
| #endif
| #ifdef HAVE_UNISTD_H
| # include <unistd.h>
| #endif
| int
| main ()
| {
| if (sizeof ((size_t)))
| 	    return 0;
|   ;
|   return 0;
| }
configure:17459: result: yes
configure:17470: checking for uint16_t
configure:17470: gcc -c -g -O2  conftest.c >&5
configure:17470: $? = 0
configure:17470: result: yes
configure:17482: checking for uint32_t
configure:17482: gcc -c -g -O2  conftest.c >&5
configure:17482: $? = 0
configure:17482: result: yes
configure:17496: checking for uint64_t
configure:17496: gcc -c -g -O2  conftest.c >&5
configure:17496: $? = 0
configure:17496: result: yes
configure:17510: checking for uint8_t
configure:17510: gcc -c -g -O2  conftest.c >&5
configure:17510: $? = 0
configure:17510: result: yes
configure:17525: checking for unsigned long long int
configure:17564: gcc -o conftest.exe -g -O2   conftest.c    -lpthread >&5
configure:17564: $? = 0
configure:17573: result: yes
configure:17583: checking for long long int
configure:17621: gcc -o conftest.exe -g -O2   conftest.c    -lpthread >&5
configure:17621: $? = 0
configure:17621: ./conftest.exe
configure:17621: $? = 0
configure:17633: result: yes
configure:17645: checking vfork.h usability
configure:17645: gcc -c -g -O2  conftest.c >&5
conftest.c:64:19: fatal error: vfork.h: No such file or directory
 #include <vfork.h>
                   ^
compilation terminated.
configure:17645: $? = 1
configure: failed program was:
| /* confdefs.h */
| #define PACKAGE_NAME "CppUTest"
| #define PACKAGE_TARNAME "cpputest"
| #define PACKAGE_VERSION "3.8"
| #define PACKAGE_STRING "CppUTest 3.8"
| #define PACKAGE_BUGREPORT "https://github.com/cpputest/cpputest"
| #define PACKAGE_URL ""
| #define PACKAGE "cpputest"
| #define VERSION "3.8"
| #define STDC_HEADERS 1
| #define HAVE_SYS_TYPES_H 1
| #define HAVE_SYS_STAT_H 1
| #define HAVE_STDLIB_H 1
| #define HAVE_STRING_H 1
| #define HAVE_MEMORY_H 1
| #define HAVE_STRINGS_H 1
| #define HAVE_INTTYPES_H 1
| #define HAVE_STDINT_H 1
| #define HAVE_UNISTD_H 1
| #define HAVE_DLFCN_H 1
| #define LT_OBJDIR ".libs/"
| #define HAVE_STDDEF_H 1
| #define HAVE_STDINT_H 1
| #define HAVE_STDLIB_H 1
| #define HAVE_STRING_H 1
| #define HAVE_SYS_TIME_H 1
| #define HAVE_UNISTD_H 1
| #define HAVE_UNSIGNED_LONG_LONG_INT 1
| #define HAVE_LONG_LONG_INT 1
| /* end confdefs.h.  */
| #include <stdio.h>
| #ifdef HAVE_SYS_TYPES_H
| # include <sys/types.h>
| #endif
| #ifdef HAVE_SYS_STAT_H
| # include <sys/stat.h>
| #endif
| #ifdef STDC_HEADERS
| # include <stdlib.h>
| # include <stddef.h>
| #else
| # ifdef HAVE_STDLIB_H
| #  include <stdlib.h>
| # endif
| #endif
| #ifdef HAVE_STRING_H
| # if !defined STDC_HEADERS && defined HAVE_MEMORY_H
| #  include <memory.h>
| # endif
| # include <string.h>
| #endif
| #ifdef HAVE_STRINGS_H
| # include <strings.h>
| #endif
| #ifdef HAVE_INTTYPES_H
| # include <inttypes.h>
| #endif
| #ifdef HAVE_STDINT_H
| # include <stdint.h>
| #endif
| #ifdef HAVE_UNISTD_H
| # include <unistd.h>
| #endif
| #include <vfork.h>
configure:17645: result: no
configure:17645: checking vfork.h presence
configure:17645: gcc -E  conftest.c
conftest.c:31:19: fatal error: vfork.h: No such file or directory
 #include <vfork.h>
                   ^
compilation terminated.
configure:17645: $? = 1
configure: failed program was:
| /* confdefs.h */
| #define PACKAGE_NAME "CppUTest"
| #define PACKAGE_TARNAME "cpputest"
| #define PACKAGE_VERSION "3.8"
| #define PACKAGE_STRING "CppUTest 3.8"
| #define PACKAGE_BUGREPORT "https://github.com/cpputest/cpputest"
| #define PACKAGE_URL ""
| #define PACKAGE "cpputest"
| #define VERSION "3.8"
| #define STDC_HEADERS 1
| #define HAVE_SYS_TYPES_H 1
| #define HAVE_SYS_STAT_H 1
| #define HAVE_STDLIB_H 1
| #define HAVE_STRING_H 1
| #define HAVE_MEMORY_H 1
| #define HAVE_STRINGS_H 1
| #define HAVE_INTTYPES_H 1
| #define HAVE_STDINT_H 1
| #define HAVE_UNISTD_H 1
| #define HAVE_DLFCN_H 1
| #define LT_OBJDIR ".libs/"
| #define HAVE_STDDEF_H 1
| #define HAVE_STDINT_H 1
| #define HAVE_STDLIB_H 1
| #define HAVE_STRING_H 1
| #define HAVE_SYS_TIME_H 1
| #define HAVE_UNISTD_H 1
| #define HAVE_UNSIGNED_LONG_LONG_INT 1
| #define HAVE_LONG_LONG_INT 1
| /* end confdefs.h.  */
| #include <vfork.h>
configure:17645: result: no
configure:17645: checking for vfork.h
configure:17645: result: no
configure:17658: checking for fork
configure:17658: gcc -o conftest.exe -g -O2   conftest.c    -lpthread >&5
conftest.c:54:6: warning: conflicting types for built-in function 'fork'
 char fork ();
      ^~~~
configure:17658: $? = 0
configure:17658: result: yes
configure:17658: checking for vfork
configure:17658: gcc -o conftest.exe -g -O2   conftest.c    -lpthread >&5
configure:17658: $? = 0
configure:17658: result: yes
configure:17668: checking for working fork
configure:17690: gcc -o conftest.exe -g -O2   conftest.c    -lpthread >&5
configure:17690: $? = 0
configure:17690: ./conftest.exe
configure:17690: $? = 0
configure:17700: result: yes
configure:17721: checking for working vfork
configure:17831: result: yes
configure:17859: checking for gettimeofday
configure:17859: gcc -o conftest.exe -g -O2   conftest.c    -lpthread >&5
configure:17859: $? = 0
configure:17859: result: yes
configure:17859: checking for memset
configure:17859: gcc -o conftest.exe -g -O2   conftest.c    -lpthread >&5
conftest.c:59:6: warning: conflicting types for built-in function 'memset'
 char memset ();
      ^~~~~~
configure:17859: $? = 0
configure:17859: result: yes
configure:17859: checking for strstr
configure:17859: gcc -o conftest.exe -g -O2   conftest.c    -lpthread >&5
conftest.c:60:6: warning: conflicting types for built-in function 'strstr'
 char strstr ();
      ^~~~~~
configure:17859: $? = 0
configure:17859: result: yes
configure:17859: checking for strdup
configure:17859: gcc -o conftest.exe -g -O2   conftest.c    -lpthread >&5
conftest.c:61:6: warning: conflicting types for built-in function 'strdup'
 char strdup ();
      ^~~~~~
configure:17859: $? = 0
configure:17859: result: yes
configure:17871: checking for gcc
configure:17887: found /usr/bin/gcc
configure:17899: result: yes
configure:17909: checking for clang
configure:17925: found /usr/bin/clang
configure:17937: result: yes
configure:17947: checking for lcov
configure:17975: result: no
configure:17985: checking for valgrind
configure:18013: result: no
configure:18023: checking for dash
configure:18039: found /usr/bin/dash
configure:18051: result: yes
configure:18103: checking whether CXX supports -std=c++1y
configure:18116: g++ -c -Werror -std=c++1y  conftest.cpp >&5
configure:18116: $? = 0
configure:18117: result: yes
configure:18128: checking whether CXX supports -std=c++14
configure:18141: g++ -c -Werror -std=c++14  conftest.cpp >&5
configure:18141: $? = 0
configure:18142: result: yes
configure:18158: checking whether CXX supports -std=c++0x
configure:18171: g++ -c -Werror -std=c++0x  conftest.cpp >&5
configure:18171: $? = 0
configure:18172: result: yes
configure:18182: checking whether CXX supports -std=c++11
configure:18195: g++ -c -Werror -std=c++11  conftest.cpp >&5
configure:18195: $? = 0
configure:18196: result: yes
configure:18206: checking whether CXX supports -stdlib=libc++
configure:18219: g++ -c -Werror -stdlib=libc++  conftest.cpp >&5
g++: error: unrecognized command line option '-stdlib=libc++'
configure:18219: $? = 1
configure: failed program was:
| /* confdefs.h */
| #define PACKAGE_NAME "CppUTest"
| #define PACKAGE_TARNAME "cpputest"
| #define PACKAGE_VERSION "3.8"
| #define PACKAGE_STRING "CppUTest 3.8"
| #define PACKAGE_BUGREPORT "https://github.com/cpputest/cpputest"
| #define PACKAGE_URL ""
| #define PACKAGE "cpputest"
| #define VERSION "3.8"
| #define STDC_HEADERS 1
| #define HAVE_SYS_TYPES_H 1
| #define HAVE_SYS_STAT_H 1
| #define HAVE_STDLIB_H 1
| #define HAVE_STRING_H 1
| #define HAVE_MEMORY_H 1
| #define HAVE_STRINGS_H 1
| #define HAVE_INTTYPES_H 1
| #define HAVE_STDINT_H 1
| #define HAVE_UNISTD_H 1
| #define HAVE_DLFCN_H 1
| #define LT_OBJDIR ".libs/"
| #define HAVE_STDDEF_H 1
| #define HAVE_STDINT_H 1
| #define HAVE_STDLIB_H 1
| #define HAVE_STRING_H 1
| #define HAVE_SYS_TIME_H 1
| #define HAVE_UNISTD_H 1
| #define HAVE_UNSIGNED_LONG_LONG_INT 1
| #define HAVE_LONG_LONG_INT 1
| #define HAVE_FORK 1
| #define HAVE_VFORK 1
| #define HAVE_WORKING_VFORK 1
| #define HAVE_WORKING_FORK 1
| #define HAVE_GETTIMEOFDAY 1
| #define HAVE_MEMSET 1
| #define HAVE_STRSTR 1
| #define HAVE_STRDUP 1
| /* end confdefs.h.  */
| #include <cstdio>
| int
| main ()
| {
| 
|   ;
|   return 0;
| }
configure:18223: result: no
configure:18231: checking whether CXX supports -Wno-c++98-compat
configure:18244: g++ -c -Werror -Wno-c++98-compat  conftest.cpp >&5
configure:18244: $? = 0
configure:18245: result: yes
configure:18256: checking whether CXX supports -Wno-c++98-compat-pedantic
configure:18269: g++ -c -Werror -Wno-c++98-compat-pedantic  conftest.cpp >&5
configure:18269: $? = 0
configure:18270: result: yes
configure:18281: checking whether CXX supports -Wno-c++14-compat
configure:18294: g++ -c -Werror -Wno-c++14-compat  conftest.cpp >&5
configure:18294: $? = 0
configure:18295: result: yes
configure:18313: checking whether CC and CXX supports -Wno-c++11-long-long
configure:18326: gcc -c -Werror -Wno-c++11-long-long  conftest.c >&5
configure:18326: $? = 0
configure:18327: result: yes
configure:18338: checking whether CC and CXX supports -Wno-long-long
configure:18351: gcc -c -Werror -Wno-long-long  conftest.c >&5
configure:18351: $? = 0
configure:18352: result: yes
configure:18366: checking whether CC and CXX supports -Weverything
configure:18379: gcc -c -Werror -Weverything -Wno-unused-macros  conftest.c >&5
gcc: error: unrecognized command line option '-Weverything'
configure:18379: $? = 1
configure: failed program was:
| /* confdefs.h */
| #define PACKAGE_NAME "CppUTest"
| #define PACKAGE_TARNAME "cpputest"
| #define PACKAGE_VERSION "3.8"
| #define PACKAGE_STRING "CppUTest 3.8"
| #define PACKAGE_BUGREPORT "https://github.com/cpputest/cpputest"
| #define PACKAGE_URL ""
| #define PACKAGE "cpputest"
| #define VERSION "3.8"
| #define STDC_HEADERS 1
| #define HAVE_SYS_TYPES_H 1
| #define HAVE_SYS_STAT_H 1
| #define HAVE_STDLIB_H 1
| #define HAVE_STRING_H 1
| #define HAVE_MEMORY_H 1
| #define HAVE_STRINGS_H 1
| #define HAVE_INTTYPES_H 1
| #define HAVE_STDINT_H 1
| #define HAVE_UNISTD_H 1
| #define HAVE_DLFCN_H 1
| #define LT_OBJDIR ".libs/"
| #define HAVE_STDDEF_H 1
| #define HAVE_STDINT_H 1
| #define HAVE_STDLIB_H 1
| #define HAVE_STRING_H 1
| #define HAVE_SYS_TIME_H 1
| #define HAVE_UNISTD_H 1
| #define HAVE_UNSIGNED_LONG_LONG_INT 1
| #define HAVE_LONG_LONG_INT 1
| #define HAVE_FORK 1
| #define HAVE_VFORK 1
| #define HAVE_WORKING_VFORK 1
| #define HAVE_WORKING_FORK 1
| #define HAVE_GETTIMEOFDAY 1
| #define HAVE_MEMSET 1
| #define HAVE_STRSTR 1
| #define HAVE_STRDUP 1
| /* end confdefs.h.  */
| 
| int
| main ()
| {
| 
|   ;
|   return 0;
| }
configure:18383: result: no
configure:18391: checking whether CC and CXX supports -Wall
configure:18404: gcc -c -Werror -Wall  conftest.c >&5
configure:18404: $? = 0
configure:18405: result: yes
configure:18416: checking whether CC and CXX supports -Wextra
configure:18429: gcc -c -Werror -Wextra  conftest.c >&5
configure:18429: $? = 0
configure:18430: result: yes
configure:18441: checking whether CC and CXX supports -Wshadow
configure:18454: gcc -c -Werror -Wshadow  conftest.c >&5
configure:18454: $? = 0
configure:18455: result: yes
configure:18466: checking whether CC and CXX supports -Wswitch-default
configure:18479: gcc -c -Werror -Wswitch-default  conftest.c >&5
configure:18479: $? = 0
configure:18480: result: yes
configure:18491: checking whether CC and CXX supports -Wswitch-enum
configure:18504: gcc -c -Werror -Wswitch-enum  conftest.c >&5
configure:18504: $? = 0
configure:18505: result: yes
configure:18516: checking whether CC and CXX supports -Wconversion
configure:18529: gcc -c -Werror -Wconversion  conftest.c >&5
configure:18529: $? = 0
configure:18530: result: yes
configure:18541: checking whether CC and CXX supports -pedantic
configure:18554: gcc -c -Werror -pedantic  conftest.c >&5
configure:18554: $? = 0
configure:18555: result: yes
configure:18566: checking whether CC supports -Wsign-conversion
configure:18579: gcc -c -Werror -Wsign-conversion  conftest.c >&5
configure:18579: $? = 0
configure:18580: result: yes
configure:18599: checking whether CXX supports -Wsign-conversion
configure:18612: g++ -c -Werror -Wsign-conversion  conftest.cpp >&5
configure:18612: $? = 0
configure:18613: result: yes
configure:18624: checking whether CXX supports -Woverloaded-virtual
configure:18637: g++ -c -Werror -Woverloaded-virtual  conftest.cpp >&5
configure:18637: $? = 0
configure:18638: result: yes
configure:18656: checking whether CC supports -Wstrict-prototypes
configure:18669: gcc -c -Werror -Wstrict-prototypes  conftest.c >&5
conftest.c:41:1: error: function declaration isn't a prototype [-Werror=strict-prototypes]
 main ()
 ^~~~
cc1: all warnings being treated as errors
configure:18669: $? = 1
configure: failed program was:
| /* confdefs.h */
| #define PACKAGE_NAME "CppUTest"
| #define PACKAGE_TARNAME "cpputest"
| #define PACKAGE_VERSION "3.8"
| #define PACKAGE_STRING "CppUTest 3.8"
| #define PACKAGE_BUGREPORT "https://github.com/cpputest/cpputest"
| #define PACKAGE_URL ""
| #define PACKAGE "cpputest"
| #define VERSION "3.8"
| #define STDC_HEADERS 1
| #define HAVE_SYS_TYPES_H 1
| #define HAVE_SYS_STAT_H 1
| #define HAVE_STDLIB_H 1
| #define HAVE_STRING_H 1
| #define HAVE_MEMORY_H 1
| #define HAVE_STRINGS_H 1
| #define HAVE_INTTYPES_H 1
| #define HAVE_STDINT_H 1
| #define HAVE_UNISTD_H 1
| #define HAVE_DLFCN_H 1
| #define LT_OBJDIR ".libs/"
| #define HAVE_STDDEF_H 1
| #define HAVE_STDINT_H 1
| #define HAVE_STDLIB_H 1
| #define HAVE_STRING_H 1
| #define HAVE_SYS_TIME_H 1
| #define HAVE_UNISTD_H 1
| #define HAVE_UNSIGNED_LONG_LONG_INT 1
| #define HAVE_LONG_LONG_INT 1
| #define HAVE_FORK 1
| #define HAVE_VFORK 1
| #define HAVE_WORKING_VFORK 1
| #define HAVE_WORKING_FORK 1
| #define HAVE_GETTIMEOFDAY 1
| #define HAVE_MEMSET 1
| #define HAVE_STRSTR 1
| #define HAVE_STRDUP 1
| /* end confdefs.h.  */
| 
| int
| main ()
| {
| 
|   ;
|   return 0;
| }
configure:18673: result: no
configure:18686: checking whether CC and CXX supports -Wno-disabled-macro-expansion
configure:18699: gcc -c -Werror -Wno-disabled-macro-expansion  conftest.c >&5
configure:18699: $? = 0
configure:18700: result: yes
configure:18711: checking whether CC and CXX supports -Wno-padded
configure:18724: gcc -c -Werror -Wno-padded  conftest.c >&5
configure:18724: $? = 0
configure:18725: result: yes
configure:18736: checking whether CC and CXX supports -Wno-reserved-id-macro
configure:18749: gcc -c -Werror -Wno-reserved-id-macro  conftest.c >&5
configure:18749: $? = 0
configure:18750: result: yes
configure:18761: checking whether CC and CXX supports -Wno-keyword-macro
configure:18774: gcc -c -Werror -Wno-keyword-macro  conftest.c >&5
configure:18774: $? = 0
configure:18775: result: yes
configure:18792: checking whether CXX supports -Wno-global-constructors
configure:18805: g++ -c -Werror -Wno-global-constructors  conftest.cpp >&5
configure:18805: $? = 0
configure:18806: result: yes
configure:18817: checking whether CXX supports -Wno-exit-time-destructors
configure:18830: g++ -c -Werror -Wno-exit-time-destructors  conftest.cpp >&5
configure:18830: $? = 0
configure:18831: result: yes
configure:18842: checking whether CXX supports -Wno-weak-vtables
configure:18855: g++ -c -Werror -Wno-weak-vtables  conftest.cpp >&5
configure:18855: $? = 0
configure:18856: result: yes
configure:18867: checking whether CXX supports -Wno-old-style-cast
configure:18880: g++ -c -Werror -Wno-old-style-cast  conftest.cpp >&5
configure:18880: $? = 0
configure:18881: result: yes
configure:18908: checking whether CXX and the linker supports --coverage (broken in clang 3.3)
configure:18921: g++ -o conftest.exe -Werror --coverage   conftest.cpp    -lpthread >&5
configure:18921: $? = 0
configure:18922: result: yes
configure:18951: checking whether CXX supports operator delete without exception handling specifier
configure:18964: g++ -c -Werror  conftest.cpp >&5
conftest.cpp:39:15: error: extra tokens at end of #include directive [-Werror]
 #include <new>\nvoid operator delete(void* mem);
               ^
cc1plus: all warnings being treated as errors
configure:18964: $? = 1
configure: failed program was:
| /* confdefs.h */
| #define PACKAGE_NAME "CppUTest"
| #define PACKAGE_TARNAME "cpputest"
| #define PACKAGE_VERSION "3.8"
| #define PACKAGE_STRING "CppUTest 3.8"
| #define PACKAGE_BUGREPORT "https://github.com/cpputest/cpputest"
| #define PACKAGE_URL ""
| #define PACKAGE "cpputest"
| #define VERSION "3.8"
| #define STDC_HEADERS 1
| #define HAVE_SYS_TYPES_H 1
| #define HAVE_SYS_STAT_H 1
| #define HAVE_STDLIB_H 1
| #define HAVE_STRING_H 1
| #define HAVE_MEMORY_H 1
| #define HAVE_STRINGS_H 1
| #define HAVE_INTTYPES_H 1
| #define HAVE_STDINT_H 1
| #define HAVE_UNISTD_H 1
| #define HAVE_DLFCN_H 1
| #define LT_OBJDIR ".libs/"
| #define HAVE_STDDEF_H 1
| #define HAVE_STDINT_H 1
| #define HAVE_STDLIB_H 1
| #define HAVE_STRING_H 1
| #define HAVE_SYS_TIME_H 1
| #define HAVE_UNISTD_H 1
| #define HAVE_UNSIGNED_LONG_LONG_INT 1
| #define HAVE_LONG_LONG_INT 1
| #define HAVE_FORK 1
| #define HAVE_VFORK 1
| #define HAVE_WORKING_VFORK 1
| #define HAVE_WORKING_FORK 1
| #define HAVE_GETTIMEOFDAY 1
| #define HAVE_MEMSET 1
| #define HAVE_STRSTR 1
| #define HAVE_STRDUP 1
| /* end confdefs.h.  */
| #include <new>\nvoid operator delete(void* mem);
| int
| main ()
| {
| 
|   ;
|   return 0;
| }
configure:18968: result: no
configure:18976: checking whether CXX supports operator new with exception handling specifier
configure:18989: g++ -c -Werror  conftest.cpp >&5
conftest.cpp:39:15: error: extra tokens at end of #include directive [-Werror]
 #include <new>\nvoid* operator new(size_t size) throw(std::bad_alloc);;
               ^
cc1plus: all warnings being treated as errors
configure:18989: $? = 1
configure: failed program was:
| /* confdefs.h */
| #define PACKAGE_NAME "CppUTest"
| #define PACKAGE_TARNAME "cpputest"
| #define PACKAGE_VERSION "3.8"
| #define PACKAGE_STRING "CppUTest 3.8"
| #define PACKAGE_BUGREPORT "https://github.com/cpputest/cpputest"
| #define PACKAGE_URL ""
| #define PACKAGE "cpputest"
| #define VERSION "3.8"
| #define STDC_HEADERS 1
| #define HAVE_SYS_TYPES_H 1
| #define HAVE_SYS_STAT_H 1
| #define HAVE_STDLIB_H 1
| #define HAVE_STRING_H 1
| #define HAVE_MEMORY_H 1
| #define HAVE_STRINGS_H 1
| #define HAVE_INTTYPES_H 1
| #define HAVE_STDINT_H 1
| #define HAVE_UNISTD_H 1
| #define HAVE_DLFCN_H 1
| #define LT_OBJDIR ".libs/"
| #define HAVE_STDDEF_H 1
| #define HAVE_STDINT_H 1
| #define HAVE_STDLIB_H 1
| #define HAVE_STRING_H 1
| #define HAVE_SYS_TIME_H 1
| #define HAVE_UNISTD_H 1
| #define HAVE_UNSIGNED_LONG_LONG_INT 1
| #define HAVE_LONG_LONG_INT 1
| #define HAVE_FORK 1
| #define HAVE_VFORK 1
| #define HAVE_WORKING_VFORK 1
| #define HAVE_WORKING_FORK 1
| #define HAVE_GETTIMEOFDAY 1
| #define HAVE_MEMSET 1
| #define HAVE_STRSTR 1
| #define HAVE_STRDUP 1
| /* end confdefs.h.  */
| #include <new>\nvoid* operator new(size_t size) throw(std::bad_alloc);;
| int
| main ()
| {
| 
|   ;
|   return 0;
| }
configure:18993: result: no
configure:19001: checking whether CXX supports -Wno-missing-exception-spec
configure:19014: g++ -c -Werror -Wno-missing-exception-spec  conftest.cpp >&5
configure:19014: $? = 0
configure:19015: result: yes
configure:19044: checking whether CXXLD supports -Qunused-arguments linker option
configure:19059: result: no
configure:19065: checking whether LD supports -Wl,-map
configure:19078: gcc -o conftest.exe -g -O2   -Wl,-map,filename.map.txt conftest.c    -lpthread >&5
/usr/lib/gcc/x86_64-pc-cygwin/6.4.0/../../../../x86_64-pc-cygwin/bin/ld: unrecognised emulation mode: ap
Supported emulations: i386pep i386pe
collect2: error: ld returned 1 exit status
configure:19078: $? = 1
configure: failed program was:
| /* confdefs.h */
| #define PACKAGE_NAME "CppUTest"
| #define PACKAGE_TARNAME "cpputest"
| #define PACKAGE_VERSION "3.8"
| #define PACKAGE_STRING "CppUTest 3.8"
| #define PACKAGE_BUGREPORT "https://github.com/cpputest/cpputest"
| #define PACKAGE_URL ""
| #define PACKAGE "cpputest"
| #define VERSION "3.8"
| #define STDC_HEADERS 1
| #define HAVE_SYS_TYPES_H 1
| #define HAVE_SYS_STAT_H 1
| #define HAVE_STDLIB_H 1
| #define HAVE_STRING_H 1
| #define HAVE_MEMORY_H 1
| #define HAVE_STRINGS_H 1
| #define HAVE_INTTYPES_H 1
| #define HAVE_STDINT_H 1
| #define HAVE_UNISTD_H 1
| #define HAVE_DLFCN_H 1
| #define LT_OBJDIR ".libs/"
| #define HAVE_STDDEF_H 1
| #define HAVE_STDINT_H 1
| #define HAVE_STDLIB_H 1
| #define HAVE_STRING_H 1
| #define HAVE_SYS_TIME_H 1
| #define HAVE_UNISTD_H 1
| #define HAVE_UNSIGNED_LONG_LONG_INT 1
| #define HAVE_LONG_LONG_INT 1
| #define HAVE_FORK 1
| #define HAVE_VFORK 1
| #define HAVE_WORKING_VFORK 1
| #define HAVE_WORKING_FORK 1
| #define HAVE_GETTIMEOFDAY 1
| #define HAVE_MEMSET 1
| #define HAVE_STRSTR 1
| #define HAVE_STRDUP 1
| /* end confdefs.h.  */
| 
| int
| main ()
| {
| 
|   ;
|   return 0;
| }
configure:19082: result: no
configure:19256: checking for the availability of gmock via the GMOCK_HOME variable
configure:19459: checking that generated files are newer than configure
configure:19465: result: done
configure:19508: creating ./config.status

## ---------------------- ##
## Running config.status. ##
## ---------------------- ##

This file was extended by CppUTest config.status 3.8, which was
generated by GNU Autoconf 2.69.  Invocation command line was

  CONFIG_FILES    = 
  CONFIG_HEADERS  = 
  CONFIG_LINKS    = 
  CONFIG_COMMANDS = 
  $ ./config.status 

on DESKTOP-HM3JFUK

config.status:1316: creating cpputest.pc
config.status:1316: creating Makefile
config.status:1316: creating config.h
config.status:1530: executing generated/CppUTestGeneratedConfig.h commands
config.status:1568: creating generated/CppUTestGeneratedConfig.h - prefix CPPUTEST for config.h defines
config.status:1530: executing depfiles commands
config.status:1530: executing libtool commands

## ---------------- ##
## Cache variables. ##
## ---------------- ##

ac_cv_build=x86_64-unknown-cygwin
ac_cv_c_compiler_gnu=yes
ac_cv_c_inline=inline
ac_cv_c_int16_t=yes
ac_cv_c_int32_t=yes
ac_cv_c_int64_t=yes
ac_cv_c_int8_t=yes
ac_cv_c_uint16_t=yes
ac_cv_c_uint32_t=yes
ac_cv_c_uint64_t=yes
ac_cv_c_uint8_t=yes
ac_cv_cxx_compiler_gnu=yes
ac_cv_env_CCC_set=
ac_cv_env_CCC_value=
ac_cv_env_CC_set=
ac_cv_env_CC_value=
ac_cv_env_CFLAGS_set=
ac_cv_env_CFLAGS_value=
ac_cv_env_CPPFLAGS_set=
ac_cv_env_CPPFLAGS_value=
ac_cv_env_CPP_set=
ac_cv_env_CPP_value=
ac_cv_env_CXXCPP_set=
ac_cv_env_CXXCPP_value=
ac_cv_env_CXXFLAGS_set=
ac_cv_env_CXXFLAGS_value=
ac_cv_env_CXX_set=
ac_cv_env_CXX_value=
ac_cv_env_GMOCK_HOME_set=
ac_cv_env_GMOCK_HOME_value=
ac_cv_env_LDFLAGS_set=
ac_cv_env_LDFLAGS_value=
ac_cv_env_LIBS_set=
ac_cv_env_LIBS_value=
ac_cv_env_LT_SYS_LIBRARY_PATH_set=
ac_cv_env_LT_SYS_LIBRARY_PATH_value=
ac_cv_env_build_alias_set=
ac_cv_env_build_alias_value=
ac_cv_env_host_alias_set=
ac_cv_env_host_alias_value=
ac_cv_env_target_alias_set=
ac_cv_env_target_alias_value=
ac_cv_exeext=.exe
ac_cv_func_fork=yes
ac_cv_func_fork_works=yes
ac_cv_func_gettimeofday=yes
ac_cv_func_memset=yes
ac_cv_func_strdup=yes
ac_cv_func_strstr=yes
ac_cv_func_vfork=yes
ac_cv_func_vfork_works=yes
ac_cv_header_dlfcn_h=yes
ac_cv_header_inttypes_h=yes
ac_cv_header_memory_h=yes
ac_cv_header_stdc=yes
ac_cv_header_stddef_h=yes
ac_cv_header_stdint_h=yes
ac_cv_header_stdlib_h=yes
ac_cv_header_string_h=yes
ac_cv_header_strings_h=yes
ac_cv_header_sys_stat_h=yes
ac_cv_header_sys_time_h=yes
ac_cv_header_sys_types_h=yes
ac_cv_header_unistd_h=yes
ac_cv_header_vfork_h=no
ac_cv_host=x86_64-unknown-cygwin
ac_cv_objext=o
ac_cv_path_EGREP='/usr/bin/grep -E'
ac_cv_path_FGREP='/usr/bin/grep -F'
ac_cv_path_GREP=/usr/bin/grep
ac_cv_path_SED=/usr/bin/sed
ac_cv_path_install='/usr/bin/install -c'
ac_cv_path_lt_DD=/usr/bin/dd
ac_cv_path_mkdir=/usr/bin/mkdir
ac_cv_prog_AWK=gawk
ac_cv_prog_CPP='gcc -E'
ac_cv_prog_CPPUTEST_HAS_CLANG=yes
ac_cv_prog_CPPUTEST_HAS_DASH=yes
ac_cv_prog_CPPUTEST_HAS_GCC=yes
ac_cv_prog_CPPUTEST_HAS_LCOV=no
ac_cv_prog_CPPUTEST_HAS_VALGRIND=no
ac_cv_prog_CXXCPP='g++ -E'
ac_cv_prog_ac_ct_AR=ar
ac_cv_prog_ac_ct_CC=gcc
ac_cv_prog_ac_ct_CXX=g++
ac_cv_prog_ac_ct_DLLTOOL=dlltool
ac_cv_prog_ac_ct_OBJDUMP=objdump
ac_cv_prog_ac_ct_RANLIB=ranlib
ac_cv_prog_ac_ct_STRIP=strip
ac_cv_prog_cc_c89=
ac_cv_prog_cc_g=yes
ac_cv_prog_cxx_g=yes
ac_cv_prog_make_make_set=yes
ac_cv_type_long_long_int=yes
ac_cv_type_pid_t=yes
ac_cv_type_size_t=yes
ac_cv_type_unsigned_long_long_int=yes
am_cv_CC_dependencies_compiler_type=gcc3
am_cv_CXX_dependencies_compiler_type=gcc3
am_cv_make_support_nested_variables=yes
am_cv_prog_cc_c_o=yes
lt_cv_ar_at_file=@
lt_cv_archive_cmds_need_lc=yes
lt_cv_deplibs_check_method='file_magic ^x86 archive import|^x86 DLL'
lt_cv_dlopen=dlopen
lt_cv_dlopen_libs=
lt_cv_dlopen_self=yes
lt_cv_dlopen_self_static=yes
lt_cv_file_magic_cmd=func_win32_libid
lt_cv_file_magic_test_file=
lt_cv_ld_reload_flag=-r
lt_cv_nm_interface='BSD nm'
lt_cv_objdir=.libs
lt_cv_path_LD=/usr/x86_64-pc-cygwin/bin/ld.exe
lt_cv_path_LDCXX=/usr/x86_64-pc-cygwin/bin/ld.exe
lt_cv_path_NM='/usr/bin/nm -B'
lt_cv_path_mainfest_tool=no
lt_cv_prog_compiler_c_o=yes
lt_cv_prog_compiler_c_o_CXX=yes
lt_cv_prog_compiler_pic='-DDLL_EXPORT -DPIC'
lt_cv_prog_compiler_pic_CXX='-DDLL_EXPORT -DPIC'
lt_cv_prog_compiler_pic_works=yes
lt_cv_prog_compiler_pic_works_CXX=yes
lt_cv_prog_compiler_rtti_exceptions=no
lt_cv_prog_compiler_static_works=yes
lt_cv_prog_compiler_static_works_CXX=yes
lt_cv_prog_gnu_ld=yes
lt_cv_prog_gnu_ldcxx=yes
lt_cv_sharedlib_from_linklib_cmd=func_cygming_dll_for_implib
lt_cv_sys_global_symbol_pipe='sed -n -e '\''s/^.*[	 ]\([ABCDGIRSTW][ABCDGIRSTW]*\)[	 ][	 ]*\([_A-Za-z][_A-Za-z0-9]*\)$/\1 \2 \2/p'\'' | sed '\''/ __gnu_lto/d'\'''
lt_cv_sys_global_symbol_to_c_name_address='sed -n -e '\''s/^: \(.*\) .*$/  {"\1", (void *) 0},/p'\'' -e '\''s/^[ABCDGIRSTW][ABCDGIRSTW]* .* \(.*\)$/  {"\1", (void *) \&\1},/p'\'''
lt_cv_sys_global_symbol_to_c_name_address_lib_prefix='sed -n -e '\''s/^: \(.*\) .*$/  {"\1", (void *) 0},/p'\'' -e '\''s/^[ABCDGIRSTW][ABCDGIRSTW]* .* \(lib.*\)$/  {"\1", (void *) \&\1},/p'\'' -e '\''s/^[ABCDGIRSTW][ABCDGIRSTW]* .* \(.*\)$/  {"lib\1", (void *) \&\1},/p'\'''
lt_cv_sys_global_symbol_to_cdecl='sed -n -e '\''s/^T .* \(.*\)$/extern int \1();/p'\'' -e '\''s/^[ABCDGIRSTW][ABCDGIRSTW]* .* \(.*\)$/extern char \1;/p'\'''
lt_cv_sys_global_symbol_to_import=
lt_cv_sys_max_cmd_len=8192
lt_cv_to_host_file_cmd=func_convert_file_noop
lt_cv_to_tool_file_cmd=func_convert_file_noop
lt_cv_truncate_bin='/usr/bin/dd bs=4096 count=1'

## ----------------- ##
## Output variables. ##
## ----------------- ##

ACLOCAL='${SHELL} "/cygdrive/c/Users/frank/Documents/Software Devel/cpputest/missing" aclocal-1.15'
ALL_FILES_IN_GIT='.cproject .gitattributes .gitignore .project .settings/org.eclipse.cdt.core.prefs .settings/org.eclipse.cdt.ui.prefs .travis.yml .travis_github_deployer.yml AUTHORS CMakeLists.txt COPYING ChangeLog CppUTest.dep CppUTest.dsp CppUTest.dsw CppUTest.mak CppUTest.sln CppUTest.vcproj CppUTest.vcxproj CppUTestConfig.cmake.build.in CppUTestConfig.cmake.install.in CppUTest_VS201x.sln Doxyfile Makefile.am Makefile_CppUTestExt Makefile_using_MakefileWorker NEWS README README.md README_CppUTest_for_C.txt README_InstallCppUTest.txt README_UsersOfPriorVersions.txt appveyor.yml autogen.sh build/ComponentMakefile build/ComponentMakefileExampleParameters build/MakefileWorker.mk build/StaticLibMakefile build/alltests.mmp build/bld.inf build/cpputest.mmp builds/make-gcc-macport.sh cmake/Modules/CppUTestBuildTimeDiscoverTests.cmake cmake/Modules/CppUTestConfigurationOptions.cmake cmake/Modules/CppUTestNormalizeTestOutputLocation.cmake cmake/Modules/CppUTestWarningFlags.cmake cmake/Modules/FindCXX11.cmake cmake/Scripts/CppUTestBuildTimeDiscoverTests.cmake config.h.cmake configure.ac cpputest.pc.in cpputest_build/.gitignore cpputest_doxy_gen.conf docs/WalkThrough_VS21010.docx examples/.cdtproject examples/.project examples/.settings/org.eclipse.cdt.core.prefs examples/AllTests/AllTests.cpp examples/AllTests/AllTests.dsp examples/AllTests/AllTests.h examples/AllTests/AllTests.vcproj examples/AllTests/AllTests.vcxproj examples/AllTests/CircularBufferTest.cpp examples/AllTests/EventDispatcherTest.cpp examples/AllTests/FEDemoTest.cpp examples/AllTests/HelloTest.cpp examples/AllTests/MockDocumentationTest.cpp examples/AllTests/MockPrinter.h examples/AllTests/PrinterTest.cpp examples/AllTests/RunAllTests.sh examples/ApplicationLib/ApplicationLib.dsp examples/ApplicationLib/ApplicationLib.vcproj examples/ApplicationLib/ApplicationLib.vcxproj examples/ApplicationLib/CircularBuffer.cpp examples/ApplicationLib/CircularBuffer.h examples/ApplicationLib/EventDispatcher.cpp examples/ApplicationLib/EventDispatcher.h examples/ApplicationLib/ExamplesNewOverrides.h examples/ApplicationLib/Printer.cpp examples/ApplicationLib/Printer.h examples/ApplicationLib/hello.c examples/ApplicationLib/hello.h examples/CppUTestExample.dsw examples/CppUTestExample_VS2008.sln examples/CppUTestExample_VS201x.sln examples/Makefile examples/README.txt include/CppUTest/CommandLineArguments.h include/CppUTest/CommandLineTestRunner.h include/CppUTest/CppUTestConfig.h include/CppUTest/CppUTestGeneratedConfig.h include/CppUTest/JUnitTestOutput.h include/CppUTest/MemoryLeakDetector.h include/CppUTest/MemoryLeakDetectorMallocMacros.h include/CppUTest/MemoryLeakDetectorNewMacros.h include/CppUTest/MemoryLeakWarningPlugin.h include/CppUTest/PlatformSpecificFunctions.h include/CppUTest/PlatformSpecificFunctions_c.h include/CppUTest/SimpleMutex.h include/CppUTest/SimpleString.h include/CppUTest/StandardCLibrary.h include/CppUTest/TeamCityTestOutput.h include/CppUTest/TestFailure.h include/CppUTest/TestFilter.h include/CppUTest/TestHarness.h include/CppUTest/TestHarness_c.h include/CppUTest/TestMemoryAllocator.h include/CppUTest/TestOutput.h include/CppUTest/TestPlugin.h include/CppUTest/TestRegistry.h include/CppUTest/TestResult.h include/CppUTest/TestTestingFixture.h include/CppUTest/Utest.h include/CppUTest/UtestMacros.h include/CppUTestExt/CodeMemoryReportFormatter.h include/CppUTestExt/GMock.h include/CppUTestExt/GTest.h include/CppUTestExt/GTestConvertor.h include/CppUTestExt/IEEE754ExceptionsPlugin.h include/CppUTestExt/MemoryReportAllocator.h include/CppUTestExt/MemoryReportFormatter.h include/CppUTestExt/MemoryReporterPlugin.h include/CppUTestExt/MockActualCall.h include/CppUTestExt/MockCheckedActualCall.h include/CppUTestExt/MockCheckedExpectedCall.h include/CppUTestExt/MockExpectedCall.h include/CppUTestExt/MockExpectedCallsList.h include/CppUTestExt/MockFailure.h include/CppUTestExt/MockNamedValue.h include/CppUTestExt/MockSupport.h include/CppUTestExt/MockSupportPlugin.h include/CppUTestExt/MockSupport_c.h include/CppUTestExt/OrderedTest.h include/Platforms/c2000/stdint.h m4/acx_pthread.m4 m4/m4_ax_prefix_config_h.m4 makeAndRun.bat makeVS2008.bat makeVS201x.bat makeVc6.bat platforms/CCStudio/CppUTest.pjt platforms/CCStudio/CppUTest.wks platforms/CCStudio/CppUTestExtRunAllTests1.pjt platforms/CCStudio/CppUTestExtRunAllTests2.pjt platforms/CCStudio/CppUTestRunAllTests1.pjt platforms/CCStudio/CppUTestRunAllTests2.pjt platforms/CCStudio/sim28335.cmd platforms/CCStudio/sim28335.gel platforms/CCStudio/sim2833x.cfg platforms/CCStudio/tests/CppUTest/AllTestsForTarget.cpp platforms/CCStudio/tests/CppUTestExt/AllTestsForTarget.cpp platforms/Dos/.gitignore platforms/Dos/ALLTESTS.BAT platforms/Dos/Makefile platforms/Dos/README.txt platforms/Dos/alltests.sh platforms/Dos/dosbox-0.74.conf platforms/Dos/sources.mk platforms/Eclipse-Cygwin/.cproject platforms/Eclipse-Cygwin/.project platforms/Eclipse-Cygwin/CppUTestExtTests.launch platforms/Eclipse-Cygwin/CppUTestTests.launch platforms/Eclipse-Cygwin/README.md platforms/IAR-STR912.zip platforms/armcc/Makefile platforms/armcc/README platforms/armcc/TODO platforms/iar/CppUTest.ewd platforms/iar/CppUTest.ewp platforms/iar/CppUTest.eww platforms/iar/CppUTestExt.ewp platforms/iar/CppUTestExtTest.ewp platforms/iar/CppUTestExtTest.icf platforms/iar/CppUTestTest.ewd platforms/iar/CppUTestTest.ewp platforms/iar/CppUTestTest.icf platforms/iar/tests/AllTests.cpp platforms/iar/tests/AllTests.h platforms/iar/tests/CppUTestExt/AllTests.cpp platforms_examples/README platforms_examples/armcc/AT91SAM7A3/.cproject platforms_examples/armcc/AT91SAM7A3/.project platforms_examples/armcc/AT91SAM7A3/AT91SAM7A3.jflash platforms_examples/armcc/AT91SAM7A3/AT91SAM7A3.launch platforms_examples/armcc/AT91SAM7A3/HEAP.txt platforms_examples/armcc/AT91SAM7A3/LICENSE platforms_examples/armcc/AT91SAM7A3/Makefile platforms_examples/armcc/AT91SAM7A3/RAM.txt platforms_examples/armcc/AT91SAM7A3/README platforms_examples/armcc/AT91SAM7A3/ROM.sct platforms_examples/armcc/AT91SAM7A3/STACK.txt platforms_examples/armcc/AT91SAM7A3/jlink_gdb.cmd platforms_examples/armcc/AT91SAM7A3/tests/main.cpp platforms_examples/armcc/LPC1768/.cproject platforms_examples/armcc/LPC1768/.project platforms_examples/armcc/LPC1768/LPC1768.jflash platforms_examples/armcc/LPC1768/README platforms_examples/armcc/LPC1768/ROM.sct platforms_examples/armcc/LPC1768/cpputest_example_Default.launch platforms_examples/armcc/LPC1768/jlink_gdb.cmd platforms_examples/armcc/LPC1768/tests/main.cpp platforms_examples/armcc/LPC1833/FLASH.sct platforms_examples/armcc/LPC1833/LPC1833.jflash platforms_examples/armcc/LPC1833/src/dummy.c platforms_examples/armcc/LPC1833/tests/main.cpp platforms_examples/armcc/LPC1833/tests/test1.cpp scripts/CppUnitTemplates/ClassName.cpp scripts/CppUnitTemplates/ClassName.h scripts/CppUnitTemplates/ClassNameC.c scripts/CppUnitTemplates/ClassNameC.h scripts/CppUnitTemplates/ClassNameCMultipleInstance.c scripts/CppUnitTemplates/ClassNameCMultipleInstance.h scripts/CppUnitTemplates/ClassNameCMultipleInstanceTest.cpp scripts/CppUnitTemplates/ClassNameCPolymorphic.c scripts/CppUnitTemplates/ClassNameCPolymorphic.h scripts/CppUnitTemplates/ClassNameCTest.cpp scripts/CppUnitTemplates/ClassNameTest.cpp scripts/CppUnitTemplates/InterfaceCTest.cpp scripts/CppUnitTemplates/InterfaceTest.cpp scripts/CppUnitTemplates/MockClassName.h scripts/CppUnitTemplates/MockClassNameC.c scripts/CppUnitTemplates/MockClassNameC.h scripts/CppUnitTemplates/ProjectTemplate/ProjectMakefile scripts/CppUnitTemplates/ProjectTemplate/include/util/ProjectBuildTime.h scripts/CppUnitTemplates/ProjectTemplate/src/util/ProjectBuildTime.cpp scripts/CppUnitTemplates/ProjectTemplate/tests/AllTests.cpp scripts/CppUnitTemplates/ProjectTemplate/tests/util/ProjectBuildTimeTest.cpp scripts/GenerateSrcFiles.sh scripts/InstallScripts.sh scripts/NewCBaseModule.sh scripts/NewCFunction.sh scripts/NewCInterface.sh scripts/NewCIoDriver.sh scripts/NewCModule.sh scripts/NewClass.sh scripts/NewCmiModule.sh scripts/NewHelp.sh scripts/NewInterface.sh scripts/NewLibrary.sh scripts/NewPackageDirs.sh scripts/NewProject.sh scripts/README.txt scripts/RefactorRenameIncludeFile.sh scripts/ReleaseCppUTest.sh scripts/UnityTemplates/ClassNameCIoDriverTest.cpp scripts/UnityTemplates/ClassNameCMultipleInstanceTest.cpp scripts/UnityTemplates/ClassNameCTest.cpp scripts/UnityTemplates/FunctionNameCTest.cpp scripts/UnityTemplates/InterfaceCTest.cpp scripts/VS2010Templates/CppUTest_VS2010.props scripts/VS2010Templates/README.txt scripts/appveyor_ci_build.ps1 scripts/appveyor_ci_test.ps1 scripts/appveyor_helpers.ps1 scripts/checkForCppUTestEnvVariable.sh scripts/convertToUnity/README.txt scripts/convertToUnity/cpp_u_test_to_unity.rb scripts/convertToUnity/cpp_u_test_to_unity_utils.rb scripts/convertToUnity/cpp_u_test_to_unity_utils_tests.rb scripts/convertToUnity/create_group_runner.rb scripts/convertToUnity/create_unity_test_runner.rb scripts/filterGcov.sh scripts/generate_junit_report_ant.xml scripts/reformat.sh scripts/squeeze.sh scripts/svnignore.txt scripts/templates/ClassName.cpp scripts/templates/ClassName.h scripts/templates/ClassNameC.c scripts/templates/ClassNameC.h scripts/templates/ClassNameCIoDriver.c scripts/templates/ClassNameCIoDriver.h scripts/templates/ClassNameCIoDriverTest.cpp scripts/templates/ClassNameCMultipleInstance.c scripts/templates/ClassNameCMultipleInstance.h scripts/templates/ClassNameCMultipleInstanceTest.cpp scripts/templates/ClassNameCPolymorphic.c scripts/templates/ClassNameCPolymorphic.h scripts/templates/ClassNameCTest.cpp scripts/templates/ClassNameTest.cpp scripts/templates/FunctionNameC.c scripts/templates/FunctionNameC.h scripts/templates/FunctionNameCTest.cpp scripts/templates/InterfaceCTest.cpp scripts/templates/InterfaceTest.cpp scripts/templates/MockClassName.h scripts/templates/MockClassNameC.c scripts/templates/MockClassNameC.h scripts/templates/ProjectTemplate/Project.cproject scripts/templates/ProjectTemplate/Project.project scripts/templates/ProjectTemplate/ProjectMakefile scripts/templates/ProjectTemplate/include/util/ProjectBuildTime.h scripts/templates/ProjectTemplate/src/util/ProjectBuildTime.cpp scripts/templates/ProjectTemplate/tests/AllTests.cpp scripts/templates/ProjectTemplate/tests/util/ProjectBuildTimeTest.cpp scripts/travis_ci_after.sh scripts/travis_ci_build.sh scripts/zipExclude.txt src/CppUTest/CMakeIntegration-README.md src/CppUTest/CMakeLists.txt src/CppUTest/CommandLineArguments.cpp src/CppUTest/CommandLineTestRunner.cpp src/CppUTest/JUnitTestOutput.cpp src/CppUTest/MemoryLeakDetector.cpp src/CppUTest/MemoryLeakWarningPlugin.cpp src/CppUTest/SimpleMutex.cpp src/CppUTest/SimpleString.cpp src/CppUTest/TeamCityTestOutput.cpp src/CppUTest/TestFailure.cpp src/CppUTest/TestFilter.cpp src/CppUTest/TestHarness_c.cpp src/CppUTest/TestMemoryAllocator.cpp src/CppUTest/TestOutput.cpp src/CppUTest/TestPlugin.cpp src/CppUTest/TestRegistry.cpp src/CppUTest/TestResult.cpp src/CppUTest/TestTestingFixture.cpp src/CppUTest/Utest.cpp src/CppUTestExt/CMakeLists.txt src/CppUTestExt/CodeMemoryReportFormatter.cpp src/CppUTestExt/IEEE754ExceptionsPlugin.cpp src/CppUTestExt/MemoryReportAllocator.cpp src/CppUTestExt/MemoryReportFormatter.cpp src/CppUTestExt/MemoryReporterPlugin.cpp src/CppUTestExt/MockActualCall.cpp src/CppUTestExt/MockExpectedCall.cpp src/CppUTestExt/MockExpectedCallsList.cpp src/CppUTestExt/MockFailure.cpp src/CppUTestExt/MockNamedValue.cpp src/CppUTestExt/MockSupport.cpp src/CppUTestExt/MockSupportPlugin.cpp src/CppUTestExt/MockSupport_c.cpp src/CppUTestExt/OrderedTest.cpp src/Platforms/C2000/UtestPlatform.cpp src/Platforms/Dos/UtestPlatform.cpp src/Platforms/Gcc/UtestPlatform.cpp src/Platforms/GccNoStdC/UtestPlatform.cpp src/Platforms/Iar/UtestPlatform.cpp src/Platforms/Keil/UtestPlatform.cpp src/Platforms/Symbian/README_Symbian.txt src/Platforms/Symbian/SymbianMemoryLeakWarning.cpp src/Platforms/Symbian/UtestPlatform.cpp src/Platforms/VisualCpp/UtestPlatform.cpp src/Platforms/armcc/UtestPlatform.cpp tests/AllTests.dep tests/AllTests.dsp tests/AllTests.mak tests/AllTests.vcproj tests/AllTests.vcxproj tests/CppUTest/AllTests.cpp tests/CppUTest/AllTests.h tests/CppUTest/AllocLetTestFree.c tests/CppUTest/AllocLetTestFree.h tests/CppUTest/AllocLetTestFreeTest.cpp tests/CppUTest/AllocationInCFile.c tests/CppUTest/AllocationInCFile.h tests/CppUTest/AllocationInCppFile.cpp tests/CppUTest/AllocationInCppFile.h tests/CppUTest/CMakeLists.txt tests/CppUTest/CheatSheetTest.cpp tests/CppUTest/CommandLineArgumentsTest.cpp tests/CppUTest/CommandLineTestRunnerTest.cpp tests/CppUTest/JUnitOutputTest.cpp tests/CppUTest/MemoryLeakDetectorTest.cpp tests/CppUTest/MemoryLeakWarningTest.cpp tests/CppUTest/MemoryOperatorOverloadTest.cpp tests/CppUTest/PluginTest.cpp tests/CppUTest/PreprocessorTest.cpp tests/CppUTest/SetPluginTest.cpp tests/CppUTest/SimpleMutexTest.cpp tests/CppUTest/SimpleStringTest.cpp tests/CppUTest/TeamCityOutputTest.cpp tests/CppUTest/TestFailureNaNTest.cpp tests/CppUTest/TestFailureTest.cpp tests/CppUTest/TestFilterTest.cpp tests/CppUTest/TestHarness_cTest.cpp tests/CppUTest/TestHarness_cTestCFile.c tests/CppUTest/TestInstallerTest.cpp tests/CppUTest/TestMemoryAllocatorTest.cpp tests/CppUTest/TestOutputTest.cpp tests/CppUTest/TestRegistryTest.cpp tests/CppUTest/TestResultTest.cpp tests/CppUTest/TestUTestMacro.cpp tests/CppUTest/TestUTestStringMacro.cpp tests/CppUTest/UtestPlatformTest.cpp tests/CppUTest/UtestTest.cpp tests/CppUTestExt/AllTests.cpp tests/CppUTestExt/CMakeLists.txt tests/CppUTestExt/CodeMemoryReporterTest.cpp tests/CppUTestExt/ExpectedFunctionsListTest.cpp tests/CppUTestExt/GMockTest.cpp tests/CppUTestExt/GTest1Test.cpp tests/CppUTestExt/GTest2ConvertorTest.cpp tests/CppUTestExt/IEEE754PluginTest.cpp tests/CppUTestExt/IEEE754PluginTest_c.c tests/CppUTestExt/IEEE754PluginTest_c.h tests/CppUTestExt/MemoryReportAllocatorTest.cpp tests/CppUTestExt/MemoryReportFormatterTest.cpp tests/CppUTestExt/MemoryReporterPluginTest.cpp tests/CppUTestExt/MockActualCallTest.cpp tests/CppUTestExt/MockCallTest.cpp tests/CppUTestExt/MockCheatSheetTest.cpp tests/CppUTestExt/MockComparatorCopierTest.cpp tests/CppUTestExt/MockExpectedCallTest.cpp tests/CppUTestExt/MockFailureReporterForTest.cpp tests/CppUTestExt/MockFailureReporterForTest.h tests/CppUTestExt/MockFailureTest.cpp tests/CppUTestExt/MockHierarchyTest.cpp tests/CppUTestExt/MockNamedValueTest.cpp tests/CppUTestExt/MockParameterTest.cpp tests/CppUTestExt/MockPluginTest.cpp tests/CppUTestExt/MockReturnValueTest.cpp tests/CppUTestExt/MockStrictOrderTest.cpp tests/CppUTestExt/MockSupportTest.cpp tests/CppUTestExt/MockSupport_cTest.cpp tests/CppUTestExt/MockSupport_cTestCFile.c tests/CppUTestExt/MockSupport_cTestCFile.h tests/CppUTestExt/OrderedTestTest.cpp tests/RunAllTests.sh valgrind.suppressions '
AMDEPBACKSLASH='\'
AMDEP_FALSE='#'
AMDEP_TRUE=''
AMTAR='$${TAR-tar}'
AM_BACKSLASH='\'
AM_DEFAULT_V='$(AM_DEFAULT_VERBOSITY)'
AM_DEFAULT_VERBOSITY='1'
AM_V='$(V)'
AR='ar'
AUTOCONF='${SHELL} "/cygdrive/c/Users/frank/Documents/Software Devel/cpputest/missing" autoconf'
AUTOHEADER='${SHELL} "/cygdrive/c/Users/frank/Documents/Software Devel/cpputest/missing" autoheader'
AUTOMAKE='${SHELL} "/cygdrive/c/Users/frank/Documents/Software Devel/cpputest/missing" automake-1.15'
AWK='gawk'
CC='gcc'
CCDEPMODE='depmode=gcc3'
CFLAGS='-g -O2'
CPP='gcc -E'
CPPFLAGS=''
CPPUTEST_ADDITIONAL_CFLAGS=''
CPPUTEST_ADDITIONAL_CPPFLAGS=''
CPPUTEST_ADDITIONAL_CXXFLAGS=''
CPPUTEST_CFLAGS='  -Wno-c++11-long-long -Wno-long-long -Wall -Wextra -Wshadow -Wswitch-default -Wswitch-enum -Wconversion -pedantic -Wsign-conversion -Wno-disabled-macro-expansion -Wno-padded -Wno-reserved-id-macro -Wno-keyword-macro '
CPPUTEST_CPPFLAGS=' -include ../include/CppUTest/MemoryLeakDetectorMallocMacros.h -I ../include '
CPPUTEST_CXXFLAGS=' -include ../include/CppUTest/MemoryLeakDetectorNewMacros.h  -Wno-c++14-compat -Wno-c++11-long-long -Wno-long-long -Wall -Wextra -Wshadow -Wswitch-default -Wswitch-enum -Wconversion -pedantic -Wsign-conversion -Woverloaded-virtual -Wno-disabled-macro-expansion -Wno-padded -Wno-reserved-id-macro -Wno-keyword-macro -Wno-global-constructors -Wno-exit-time-destructors -Wno-weak-vtables -Wno-old-style-cast '
CPPUTEST_HAS_CLANG='yes'
CPPUTEST_HAS_DASH='yes'
CPPUTEST_HAS_GCC='yes'
CPPUTEST_HAS_LCOV='no'
CPPUTEST_HAS_VALGRIND='no'
CPPUTEST_LDADD=''
CPPUTEST_LDFLAGS=''
CPPUTEST_ON_MACOSX=''
CPP_PLATFORM='Gcc'
CXX='g++'
CXXCPP='g++ -E'
CXXDEPMODE='depmode=gcc3'
CXXFLAGS='-g -O2'
CYGPATH_W='cygpath -w'
DEFS='-DHAVE_CONFIG_H'
DEPDIR='.deps'
DLLTOOL='dlltool'
DSYMUTIL=''
DUMPBIN=''
ECHO_C=''
ECHO_N='-n'
ECHO_T=''
EGREP='/usr/bin/grep -E'
EXEEXT='.exe'
FGREP='/usr/bin/grep -F'
GMOCK_HOME=''
GREP='/usr/bin/grep'
INCLUDE_CPPUTEST_EXT=''
INCLUDE_CPPUTEST_EXT_FALSE='#'
INCLUDE_CPPUTEST_EXT_TRUE=''
INCLUDE_GMOCKTESTS_FALSE=''
INCLUDE_GMOCKTESTS_TRUE='#'
INSTALL_DATA='${INSTALL} -m 644'
INSTALL_PROGRAM='${INSTALL}'
INSTALL_SCRIPT='${INSTALL}'
INSTALL_STRIP_PROGRAM='$(install_sh) -c -s'
LD='/usr/x86_64-pc-cygwin/bin/ld.exe'
LDFLAGS=''
LIBOBJS=''
LIBS='   -lpthread'
LIBTOOL='$(SHELL) $(top_builddir)/libtool'
LIPO=''
LN_S='ln -s'
LTLIBOBJS=''
LT_SYS_LIBRARY_PATH=''
MAKEINFO='${SHELL} "/cygdrive/c/Users/frank/Documents/Software Devel/cpputest/missing" makeinfo'
MANIFEST_TOOL=':'
MKDIR_P='/usr/bin/mkdir -p'
MOSTLYCLEANFILES=''
NM='/usr/bin/nm -B'
NMEDIT=''
OBJDUMP='objdump'
OBJEXT='o'
OTOOL64=''
OTOOL=''
PACKAGE='cpputest'
PACKAGE_BUGREPORT='https://github.com/cpputest/cpputest'
PACKAGE_NAME='CppUTest'
PACKAGE_STRING='CppUTest 3.8'
PACKAGE_TARNAME='cpputest'
PACKAGE_URL=''
PACKAGE_VERSION='3.8'
PATH_SEPARATOR=':'
PTHREAD_CC='gcc'
PTHREAD_CFLAGS=''
PTHREAD_LIBS=''
RANLIB='ranlib'
SED='/usr/bin/sed'
SET_MAKE=''
SHELL='/bin/sh'
STRIP='strip'
TEST_COMPILER_IS_CLANG_FALSE=''
TEST_COMPILER_IS_CLANG_TRUE='#'
VERSION='3.8'
ac_ct_AR='ar'
ac_ct_CC='gcc'
ac_ct_CXX='g++'
ac_ct_DUMPBIN=''
acx_pthread_config=''
am__EXEEXT_FALSE='#'
am__EXEEXT_TRUE=''
am__fastdepCC_FALSE='#'
am__fastdepCC_TRUE=''
am__fastdepCXX_FALSE='#'
am__fastdepCXX_TRUE=''
am__include='include'
am__isrc=' -I$(srcdir)'
am__leading_dot='.'
am__nodep='_no'
am__quote=''
am__tar='$${TAR-tar} chof - "$$tardir"'
am__untar='$${TAR-tar} xf -'
bindir='${exec_prefix}/bin'
build='x86_64-unknown-cygwin'
build_alias=''
build_cpu='x86_64'
build_os='cygwin'
build_vendor='unknown'
datadir='${datarootdir}'
datarootdir='${prefix}/share'
docdir='${datarootdir}/doc/${PACKAGE_TARNAME}'
dvidir='${docdir}'
exec_prefix='${prefix}'
host='x86_64-unknown-cygwin'
host_alias=''
host_cpu='x86_64'
host_os='cygwin'
host_vendor='unknown'
htmldir='${docdir}'
includedir='${prefix}/include'
infodir='${datarootdir}/info'
install_sh='${SHELL} '\''/cygdrive/c/Users/frank/Documents/Software Devel/cpputest/install-sh'\'''
libdir='${exec_prefix}/lib'
libexecdir='${exec_prefix}/libexec'
localedir='${datarootdir}/locale'
localstatedir='${prefix}/var'
mandir='${datarootdir}/man'
mkdir_p='$(MKDIR_P)'
oldincludedir='/usr/include'
pdfdir='${docdir}'
prefix='/usr/local'
program_transform_name='s,x,x,'
psdir='${docdir}'
sbindir='${exec_prefix}/sbin'
sharedstatedir='${prefix}/com'
sysconfdir='${prefix}/etc'
target_alias=''

## ----------- ##
## confdefs.h. ##
## ----------- ##

/* confdefs.h */
#define PACKAGE_NAME "CppUTest"
#define PACKAGE_TARNAME "cpputest"
#define PACKAGE_VERSION "3.8"
#define PACKAGE_STRING "CppUTest 3.8"
#define PACKAGE_BUGREPORT "https://github.com/cpputest/cpputest"
#define PACKAGE_URL ""
#define PACKAGE "cpputest"
#define VERSION "3.8"
#define STDC_HEADERS 1
#define HAVE_SYS_TYPES_H 1
#define HAVE_SYS_STAT_H 1
#define HAVE_STDLIB_H 1
#define HAVE_STRING_H 1
#define HAVE_MEMORY_H 1
#define HAVE_STRINGS_H 1
#define HAVE_INTTYPES_H 1
#define HAVE_STDINT_H 1
#define HAVE_UNISTD_H 1
#define HAVE_DLFCN_H 1
#define LT_OBJDIR ".libs/"
#define HAVE_STDDEF_H 1
#define HAVE_STDINT_H 1
#define HAVE_STDLIB_H 1
#define HAVE_STRING_H 1
#define HAVE_SYS_TIME_H 1
#define HAVE_UNISTD_H 1
#define HAVE_UNSIGNED_LONG_LONG_INT 1
#define HAVE_LONG_LONG_INT 1
#define HAVE_FORK 1
#define HAVE_VFORK 1
#define HAVE_WORKING_VFORK 1
#define HAVE_WORKING_FORK 1
#define HAVE_GETTIMEOFDAY 1
#define HAVE_MEMSET 1
#define HAVE_STRSTR 1
#define HAVE_STRDUP 1

configure: exit 0
